#
# A fatal error has been detected by the Java Runtime Environment:
#
#  SIGSEGV (0xb) at pc=0x89cbaa72, pid=9177, tid=2312362816
#
# JRE version: 7.0_21-b11
# Java VM: Java HotSpot(TM) Server VM (23.21-b01 mixed mode linux-x86 )
# Problematic frame:
# C  [libopenal.so+0x1aa72]  alcCreateContext+0xd2
#
# Failed to write core dump. Core dumps have been disabled. To enable core dumping, try "ulimit -c unlimited" before starting Java again
#
# If you would like to submit a bug report, please visit:
#   http://bugreport.sun.com/bugreport/crash.jsp
# The crash happened outside the Java Virtual Machine in native code.
# See problematic frame for where to report the bug.
#

---------------  T H R E A D  ---------------

Current thread (0x886a2800):  JavaThread "jME3 Audio Thread" daemon [_thread_in_native, id=9209, stack(0x89ced000,0x89d3e000)]

siginfo:si_signo=SIGSEGV: si_errno=0, si_code=2 (SEGV_ACCERR), si_addr=0x8a7d7004

Registers:
EAX=0x8a7d7004, EBX=0x89cebff4, ECX=0x000000ff, EDX=0x00000001
ESP=0x89d3cad0, EBP=0x8a7d6ffc, ESI=0x8a156800, EDI=0x00000001
EIP=0x89cbaa72, EFLAGS=0x00210293, CR2=0x8a7d7004

Top of Stack: (sp=0x89d3cad0)
0x89d3cad0:   00000000 91e8df28 00000000 89d3caf0
0x89d3cae0:   89d3cb20 b36c5584 00000000 b36cac59
0x89d3caf0:   00000008 00000000 b705a3c8 8fca98a8
0x89d3cb00:   00000004 00000000 b36d5034 00014cd7
0x89d3cb10:   00000000 0000000d 9151b51c 89d3cbdc
0x89d3cb20:   b6afecfe 000000ff b6f45806 89d3cb3c
0x89d3cb30:   b70e1cac 89d3ce74 8868bcc8 89d3cb7c
0x89d3cb40:   b6cf2a21 00000004 0000ac44 89d3cb58 

Instructions: (pc=0x89cbaa72)
0x89cbaa52:   8d b6 00 00 00 00 8b 55 00 81 fa 11 10 00 00 74
0x89cbaa62:   3b 81 fa 03 00 02 00 75 07 8b 50 fc 89 54 24 74
0x89cbaa72:   8b 10 89 c5 83 c0 08 85 d2 74 3a 81 fa 07 10 00
0x89cbaa82:   00 75 d3 8b 50 fc 89 54 24 78 83 8e cc 00 00 00 

Register to memory mapping:

EAX=0x8a7d7004 is an unknown value
EBX=0x89cebff4: <offset 0x4bff4> in /home/adam/workspace/java/7enkesh/libopenal.so at 0x89ca0000
ECX=0x000000ff is an unknown value
EDX=0x00000001 is an unknown value
ESP=0x89d3cad0 is pointing into the stack for thread: 0x886a2800
EBP=0x8a7d6ffc is an unknown value
ESI=0x8a156800 is an unknown value
EDI=0x00000001 is an unknown value


Stack: [0x89ced000,0x89d3e000],  sp=0x89d3cad0,  free space=318k
Native frames: (J=compiled Java code, j=interpreted, Vv=VM code, C=native code)
C  [libopenal.so+0x1aa72]  alcCreateContext+0xd2

Java frames: (J=compiled Java code, j=interpreted, Vv=VM code)
j  org.lwjgl.openal.ALC10.nalcCreateContext(JJ)J+0
j  org.lwjgl.openal.ALC10.alcCreateContext(Lorg/lwjgl/openal/ALCdevice;Ljava/nio/IntBuffer;)Lorg/lwjgl/openal/ALCcontext;+8
j  org.lwjgl.openal.AL.init(Ljava/lang/String;IIZZ)V+69
j  org.lwjgl.openal.AL.create(Ljava/lang/String;IIZZ)V+227
j  org.lwjgl.openal.AL.create(Ljava/lang/String;IIZ)V+5
j  org.lwjgl.openal.AL.create()V+6
j  com.jme3.audio.lwjgl.LwjglAudioRenderer.initInThread()V+6
j  com.jme3.audio.lwjgl.LwjglAudioRenderer.run()V+1
j  java.lang.Thread.run()V+11
v  ~StubRoutines::call_stub

---------------  P R O C E S S  ---------------

Java Threads: ( => current thread )
=>0x886a2800 JavaThread "jME3 Audio Thread" daemon [_thread_in_native, id=9209, stack(0x89ced000,0x89d3e000)]
  0x8f0a9400 JavaThread "process reaper" daemon [_thread_blocked, id=9205, stack(0x8b0fe000,0x8b10f000)]
  0xb6707000 JavaThread "DestroyJavaVM" [_thread_blocked, id=9181, stack(0xb6855000,0xb68a6000)]
  0x8f08f400 JavaThread "LWJGL Renderer Thread" [_thread_blocked, id=9203, stack(0x8a648000,0x8a699000)]
  0x8cdfa400 JavaThread "Image Fetcher 0" daemon [_thread_blocked, id=9202, stack(0x8a82f000,0x8a880000)]
  0x8f865800 JavaThread "Timer-0" daemon [_thread_blocked, id=9198, stack(0x8eebc000,0x8ef0d000)]
  0x8f03fc00 JavaThread "AWT-EventQueue-0" [_thread_blocked, id=9197, stack(0x8ef0d000,0x8ef5e000)]
  0x8f03f000 JavaThread "AWT-Shutdown" [_thread_blocked, id=9196, stack(0x8ef5e000,0x8efaf000)]
  0x8f039400 JavaThread "AWT-XAWT" daemon [_thread_in_native, id=9195, stack(0x8efaf000,0x8f000000)]
  0x8f016c00 JavaThread "Java2D Disposer" daemon [_thread_blocked, id=9194, stack(0x8f410000,0x8f461000)]
  0x8fce8c00 JavaThread "Service Thread" daemon [_thread_blocked, id=9192, stack(0x8f52e000,0x8f57f000)]
  0x8fce7000 JavaThread "C2 CompilerThread1" daemon [_thread_blocked, id=9191, stack(0x8f57f000,0x8f600000)]
  0x8fce5000 JavaThread "C2 CompilerThread0" daemon [_thread_blocked, id=9190, stack(0x8f92e000,0x8f9af000)]
  0x8fce3400 JavaThread "Signal Dispatcher" daemon [_thread_blocked, id=9189, stack(0x8f9af000,0x8fa00000)]
  0x8fca8000 JavaThread "Finalizer" daemon [_thread_blocked, id=9188, stack(0x8fb2e000,0x8fb7f000)]
  0x8fca6400 JavaThread "Reference Handler" daemon [_thread_blocked, id=9187, stack(0x9162e000,0x9167f000)]

Other Threads:
  0x8fca0c00 VMThread [stack: 0x8fb7f000,0x8fc00000] [id=9186]
  0x8fcf2c00 WatcherThread [stack: 0x8f4ad000,0x8f52e000] [id=9193]

VM state:not at safepoint (normal execution)

VM Mutex/Monitor currently owned by a thread: None

Heap
 PSYoungGen      total 8832K, used 5944K [0xa98b0000, 0xaa280000, 0xb3600000)
  eden space 7616K, 62% used [0xa98b0000,0xa9d4e980,0xaa020000)
  from space 1216K, 99% used [0xaa150000,0xaa27f988,0xaa280000)
  to   space 1216K, 0% used [0xaa020000,0xaa020000,0xaa150000)
 ParOldGen       total 20160K, used 3099K [0x95e00000, 0x971b0000, 0xa98b0000)
  object space 20160K, 15% used [0x95e00000,0x96106f90,0x971b0000)
 PSPermGen       total 16384K, used 12157K [0x91e00000, 0x92e00000, 0x95e00000)
  object space 16384K, 74% used [0x91e00000,0x929df4a8,0x92e00000)

Card table byte_map: [0x91cf3000,0x91e00000] byte_map_base: 0x91864000

Polling page: 0xb770d000

Code Cache  [0xb36c2000, 0xb3902000, 0xb66c2000)
 total_blobs=387 nmethods=88 adapters=251 free_code_cache=48633Kb largest_free_block=49784640

Compilation events (10 events):
Event: 3.484 Thread 0x8fce5000 nmethod 77 0xb3743b88 code [0xb3743c80, 0xb3743d50]
Event: 3.484 Thread 0x8fce5000   78             java.nio.DirectByteBuffer::put (17 bytes)
Event: 3.486 Thread 0x8fce5000 nmethod 78 0xb3740548 code [0xb3740640, 0xb37406b0]
Event: 3.494 Thread 0x8fce7000 nmethod 75 0xb3742d48 code [0xb3742ee0, 0xb37434a0]
Event: 3.595 Thread 0x8fce5000   79             java.util.Hashtable::hash (63 bytes)
Event: 3.598 Thread 0x8fce5000 nmethod 79 0xb3745cc8 code [0xb3745de0, 0xb3745f1c]
Event: 3.605 Thread 0x8fce7000   80             java.util.regex.Matcher::reset (83 bytes)
Event: 3.607 Thread 0x8fce5000   81             java.nio.HeapCharBuffer::ix (7 bytes)
Event: 3.607 Thread 0x8fce5000 nmethod 81 0xb3745b48 code [0xb3745c20, 0xb3745c70]
Event: 3.608 Thread 0x8fce7000 nmethod 80 0xb3745808 code [0xb3745900, 0xb3745a30]

GC Heap History (4 events):
Event: 0.902 GC heap before
{Heap before GC invocations=1 (full 0):
 PSYoungGen      total 8832K, used 7616K [0xa98b0000, 0xaa280000, 0xb3600000)
  eden space 7616K, 100% used [0xa98b0000,0xaa020000,0xaa020000)
  from space 1216K, 0% used [0xaa150000,0xaa150000,0xaa280000)
  to   space 1216K, 0% used [0xaa020000,0xaa020000,0xaa150000)
 ParOldGen       total 20160K, used 0K [0x95e00000, 0x971b0000, 0xa98b0000)
  object space 20160K, 0% used [0x95e00000,0x95e00000,0x971b0000)
 PSPermGen       total 16384K, used 6923K [0x91e00000, 0x92e00000, 0x95e00000)
  object space 16384K, 42% used [0x91e00000,0x924c2fc8,0x92e00000)
Event: 0.910 GC heap after
Heap after GC invocations=1 (full 0):
 PSYoungGen      total 8832K, used 1208K [0xa98b0000, 0xaa280000, 0xb3600000)
  eden space 7616K, 0% used [0xa98b0000,0xa98b0000,0xaa020000)
  from space 1216K, 99% used [0xaa020000,0xaa14e080,0xaa150000)
  to   space 1216K, 0% used [0xaa150000,0xaa150000,0xaa280000)
 ParOldGen       total 20160K, used 1036K [0x95e00000, 0x971b0000, 0xa98b0000)
  object space 20160K, 5% used [0x95e00000,0x95f031d8,0x971b0000)
 PSPermGen       total 16384K, used 6923K [0x91e00000, 0x92e00000, 0x95e00000)
  object space 16384K, 42% used [0x91e00000,0x924c2fc8,0x92e00000)
}
Event: 3.422 GC heap before
{Heap before GC invocations=2 (full 0):
 PSYoungGen      total 8832K, used 8824K [0xa98b0000, 0xaa280000, 0xb3600000)
  eden space 7616K, 100% used [0xa98b0000,0xaa020000,0xaa020000)
  from space 1216K, 99% used [0xaa020000,0xaa14e080,0xaa150000)
  to   space 1216K, 0% used [0xaa150000,0xaa150000,0xaa280000)
 ParOldGen       total 20160K, used 1036K [0x95e00000, 0x971b0000, 0xa98b0000)
  object space 20160K, 5% used [0x95e00000,0x95f031d8,0x971b0000)
 PSPermGen       total 16384K, used 10995K [0x91e00000, 0x92e00000, 0x95e00000)
  object space 16384K, 67% used [0x91e00000,0x928bcd08,0x92e00000)
Event: 3.433 GC heap after
Heap after GC invocations=2 (full 0):
 PSYoungGen      total 8832K, used 1214K [0xa98b0000, 0xaa280000, 0xb3600000)
  eden space 7616K, 0% used [0xa98b0000,0xa98b0000,0xaa020000)
  from space 1216K, 99% used [0xaa150000,0xaa27f988,0xaa280000)
  to   space 1216K, 0% used [0xaa020000,0xaa020000,0xaa150000)
 ParOldGen       total 20160K, used 3099K [0x95e00000, 0x971b0000, 0xa98b0000)
  object space 20160K, 15% used [0x95e00000,0x96106f90,0x971b0000)
 PSPermGen       total 16384K, used 10995K [0x91e00000, 0x92e00000, 0x95e00000)
  object space 16384K, 67% used [0x91e00000,0x928bcd08,0x92e00000)
}

Deoptimization events (8 events):
Event: 0.720 Thread 0x8f03fc00 Uncommon trap 64 fr.pc 0xb371cccc
Event: 0.727 Thread 0x8f03fc00 Uncommon trap 64 fr.pc 0xb3720c68
Event: 0.809 Thread 0x8f03fc00 Uncommon trap -83 fr.pc 0xb372e460
Event: 1.053 Thread 0x8f03fc00 Uncommon trap -34 fr.pc 0xb3718350
Event: 1.053 Thread 0x8f03fc00 Uncommon trap -34 fr.pc 0xb3718350
Event: 1.053 Thread 0x8f03fc00 Uncommon trap -34 fr.pc 0xb3718350
Event: 1.053 Thread 0x8f03fc00 Uncommon trap -34 fr.pc 0xb3718350
Event: 2.776 Thread 0xb6707000 Uncommon trap -83 fr.pc 0xb372b3e0

Internal exceptions (10 events):
Event: 3.667 Thread 0x886a2800 Threw 0xa9d2e750 at /HUDSON/workspace/jdk7u21-2-build-linux-i586-product/jdk7u21/hotspot/src/share/vm/prims/jni.cpp:742
Event: 3.667 Thread 0x886a2800 Threw 0xa9d2ebc0 at /HUDSON/workspace/jdk7u21-2-build-linux-i586-product/jdk7u21/hotspot/src/share/vm/prims/jni.cpp:742
Event: 3.667 Thread 0x886a2800 Threw 0xa9d2ef88 at /HUDSON/workspace/jdk7u21-2-build-linux-i586-product/jdk7u21/hotspot/src/share/vm/prims/jni.cpp:742
Event: 3.667 Thread 0x886a2800 Threw 0xa9d2f3d0 at /HUDSON/workspace/jdk7u21-2-build-linux-i586-product/jdk7u21/hotspot/src/share/vm/prims/jni.cpp:742
Event: 3.667 Thread 0x886a2800 Threw 0xa9d2f860 at /HUDSON/workspace/jdk7u21-2-build-linux-i586-product/jdk7u21/hotspot/src/share/vm/prims/jni.cpp:742
Event: 3.669 Thread 0x886a2800 Threw 0xa9d30220 at /HUDSON/workspace/jdk7u21-2-build-linux-i586-product/jdk7u21/hotspot/src/share/vm/prims/jvm.cpp:1166
Event: 3.673 Thread 0x886a2800 Threw 0xa9d332c8 at /HUDSON/workspace/jdk7u21-2-build-linux-i586-product/jdk7u21/hotspot/src/share/vm/prims/jvm.cpp:1166
Event: 3.683 Thread 0x886a2800 Threw 0xa9d40c50 at /HUDSON/workspace/jdk7u21-2-build-linux-i586-product/jdk7u21/hotspot/src/share/vm/prims/jvm.cpp:1166
Event: 3.685 Thread 0x886a2800 Threw 0xa9d44178 at /HUDSON/workspace/jdk7u21-2-build-linux-i586-product/jdk7u21/hotspot/src/share/vm/prims/jvm.cpp:1166
Event: 3.686 Thread 0x886a2800 Threw 0xa9d470c0 at /HUDSON/workspace/jdk7u21-2-build-linux-i586-product/jdk7u21/hotspot/src/share/vm/prims/jvm.cpp:1166

Events (10 events):
Event: 3.669 loading class 0x88694b28
Event: 3.669 loading class 0x88694b28 done
Event: 3.673 loading class 0x88694b88
Event: 3.673 loading class 0x88694b88 done
Event: 3.683 loading class 0x8a7ca9a8
Event: 3.683 loading class 0x8a7ca9a8 done
Event: 3.685 loading class 0x8a7c8830
Event: 3.685 loading class 0x8a7c8830 done
Event: 3.686 loading class 0x8a7ca9d8
Event: 3.686 loading class 0x8a7ca9d8 done


Dynamic libraries:
08048000-08049000 r-xp 00000000 08:05 6826708    /usr/local/java/jdk1.7.0_21/bin/java
08049000-0804a000 rw-p 00000000 08:05 6826708    /usr/local/java/jdk1.7.0_21/bin/java
09750000-09771000 rw-p 00000000 00:00 0          [heap]
83c86000-87c87000 rw-s 00000000 00:13 143959     /run/shm/pulse-shm-3383265461
87c87000-87c88000 ---p 00000000 00:00 0 
87c88000-88488000 rw-p 00000000 00:00 0          [stack:9211]
88488000-885ee000 r-xp 00000000 08:05 5248847    /usr/lib/i386-linux-gnu/libvorbisenc.so.2.0.8
885ee000-885ff000 r--p 00165000 08:05 5248847    /usr/lib/i386-linux-gnu/libvorbisenc.so.2.0.8
885ff000-88600000 rw-p 00176000 08:05 5248847    /usr/lib/i386-linux-gnu/libvorbisenc.so.2.0.8
88600000-886db000 rw-p 00000000 00:00 0 
886db000-88700000 ---p 00000000 00:00 0 
88775000-887c3000 r-xp 00000000 08:05 5247933    /usr/lib/i386-linux-gnu/libFLAC.so.8.2.0
887c3000-887c4000 r--p 0004e000 08:05 5247933    /usr/lib/i386-linux-gnu/libFLAC.so.8.2.0
887c4000-887c5000 rw-p 0004f000 08:05 5247933    /usr/lib/i386-linux-gnu/libFLAC.so.8.2.0
887c5000-88a00000 rw-p 00000000 00:00 0 
88a00000-88af4000 rw-p 00000000 00:00 0 
88af4000-88b00000 ---p 00000000 00:00 0 
88b00000-88bf7000 rw-p 00000000 00:00 0 
88bf7000-88c00000 ---p 00000000 00:00 0 
88c00000-88cf9000 rw-p 00000000 00:00 0 
88cf9000-88d00000 ---p 00000000 00:00 0 
88d1c000-88d89000 r-xp 00000000 08:05 5248756    /usr/lib/i386-linux-gnu/libsndfile.so.1.0.25
88d89000-88d8b000 r--p 0006c000 08:05 5248756    /usr/lib/i386-linux-gnu/libsndfile.so.1.0.25
88d8b000-88d8c000 rw-p 0006e000 08:05 5248756    /usr/lib/i386-linux-gnu/libsndfile.so.1.0.25
88d8c000-88d90000 rw-p 00000000 00:00 0 
88d90000-88df9000 r-xp 00000000 08:05 5250087    /usr/lib/i386-linux-gnu/pulseaudio/libpulsecommon-3.0.so
88df9000-88dfa000 r--p 00068000 08:05 5250087    /usr/lib/i386-linux-gnu/pulseaudio/libpulsecommon-3.0.so
88dfa000-88dfb000 rw-p 00069000 08:05 5250087    /usr/lib/i386-linux-gnu/pulseaudio/libpulsecommon-3.0.so
88dfb000-89b00000 rw-p 00000000 00:00 0 
89b00000-89bf6000 rw-p 00000000 00:00 0 
89bf6000-89c00000 ---p 00000000 00:00 0 
89c07000-89c4f000 r-xp 00000000 08:05 4588369    /lib/i386-linux-gnu/libdbus-1.so.3.7.2
89c4f000-89c50000 r--p 00047000 08:05 4588369    /lib/i386-linux-gnu/libdbus-1.so.3.7.2
89c50000-89c51000 rw-p 00048000 08:05 4588369    /lib/i386-linux-gnu/libdbus-1.so.3.7.2
89c51000-89c9d000 r-xp 00000000 08:05 5248691    /usr/lib/i386-linux-gnu/libpulse.so.0.15.3
89c9d000-89c9e000 ---p 0004c000 08:05 5248691    /usr/lib/i386-linux-gnu/libpulse.so.0.15.3
89c9e000-89c9f000 r--p 0004c000 08:05 5248691    /usr/lib/i386-linux-gnu/libpulse.so.0.15.3
89c9f000-89ca0000 rw-p 0004d000 08:05 5248691    /usr/lib/i386-linux-gnu/libpulse.so.0.15.3
89ca0000-89ceb000 r-xp 00000000 08:05 5381138    /home/adam/workspace/java/7enkesh/libopenal.so
89ceb000-89cec000 r--p 0004b000 08:05 5381138    /home/adam/workspace/java/7enkesh/libopenal.so
89cec000-89ced000 rw-p 0004c000 08:05 5381138    /home/adam/workspace/java/7enkesh/libopenal.so
89ced000-89cf0000 ---p 00000000 00:00 0 
89cf0000-89d3e000 rw-p 00000000 00:00 0          [stack:9209]
89d3e000-8a0db000 r-xp 00000000 08:05 5248217    /usr/lib/i386-linux-gnu/libdricore9.1.1.so.1.0.0
8a0db000-8a0e4000 r--p 0039c000 08:05 5248217    /usr/lib/i386-linux-gnu/libdricore9.1.1.so.1.0.0
8a0e4000-8a0eb000 rw-p 003a5000 08:05 5248217    /usr/lib/i386-linux-gnu/libdricore9.1.1.so.1.0.0
8a0eb000-8a100000 rw-p 00000000 00:00 0 
8a100000-8a187000 rw-p 00000000 00:00 0 
8a187000-8a200000 ---p 00000000 00:00 0 
8a22f000-8a237000 r-xp 00000000 08:05 4588507    /lib/i386-linux-gnu/libwrap.so.0.7.6
8a237000-8a238000 r--p 00007000 08:05 4588507    /lib/i386-linux-gnu/libwrap.so.0.7.6
8a238000-8a239000 rw-p 00008000 08:05 4588507    /lib/i386-linux-gnu/libwrap.so.0.7.6
8a239000-8a26b000 r-xp 00000000 08:05 5248814    /usr/lib/i386-linux-gnu/libtxc_dxtn_s2tc.so.0.0.0
8a26b000-8a26c000 r--p 00031000 08:05 5248814    /usr/lib/i386-linux-gnu/libtxc_dxtn_s2tc.so.0.0.0
8a26c000-8a26d000 rw-p 00032000 08:05 5248814    /usr/lib/i386-linux-gnu/libtxc_dxtn_s2tc.so.0.0.0
8a26d000-8a28d000 r-xp 00000000 08:05 5248221    /usr/lib/i386-linux-gnu/libdrm_intel.so.1.0.0
8a28d000-8a28e000 r--p 0001f000 08:05 5248221    /usr/lib/i386-linux-gnu/libdrm_intel.so.1.0.0
8a28e000-8a28f000 rw-p 00020000 08:05 5248221    /usr/lib/i386-linux-gnu/libdrm_intel.so.1.0.0
8a28f000-8a362000 r-xp 00000000 08:05 5249038    /usr/lib/i386-linux-gnu/dri/i965_dri.so
8a362000-8a364000 r--p 000d2000 08:05 5249038    /usr/lib/i386-linux-gnu/dri/i965_dri.so
8a364000-8a365000 rw-p 000d4000 08:05 5249038    /usr/lib/i386-linux-gnu/dri/i965_dri.so
8a365000-8a366000 rw-p 00000000 00:00 0 
8a366000-8a466000 rw-s 00000000 00:04 63078452   /SYSV00000000 (deleted)
8a466000-8a4c6000 rw-s 00000000 00:04 63045682   /SYSV00000000 (deleted)
8a4c6000-8a546000 rw-s 00000000 00:04 63012910   /SYSV00000000 (deleted)
8a54d000-8a555000 r-xp 00000000 08:05 4588397    /lib/i386-linux-gnu/libjson.so.0.1.0
8a555000-8a556000 r--p 00007000 08:05 4588397    /lib/i386-linux-gnu/libjson.so.0.1.0
8a556000-8a557000 rw-p 00008000 08:05 4588397    /lib/i386-linux-gnu/libjson.so.0.1.0
8a557000-8a560000 r-xp 00000000 08:05 5248656    /usr/lib/i386-linux-gnu/libpciaccess.so.0.11.1
8a560000-8a561000 r--p 00008000 08:05 5248656    /usr/lib/i386-linux-gnu/libpciaccess.so.0.11.1
8a561000-8a562000 rw-p 00009000 08:05 5248656    /usr/lib/i386-linux-gnu/libpciaccess.so.0.11.1
8a562000-8a578000 r-xp 00000000 08:05 5248877    /usr/lib/i386-linux-gnu/libxcb-glx.so.0.0.0
8a578000-8a579000 r--p 00016000 08:05 5248877    /usr/lib/i386-linux-gnu/libxcb-glx.so.0.0.0
8a579000-8a57a000 rw-p 00017000 08:05 5248877    /usr/lib/i386-linux-gnu/libxcb-glx.so.0.0.0
8a57a000-8a589000 r-xp 00000000 08:05 5248340    /usr/lib/i386-linux-gnu/libglapi.so.0.0.0
8a589000-8a58a000 ---p 0000f000 08:05 5248340    /usr/lib/i386-linux-gnu/libglapi.so.0.0.0
8a58a000-8a58c000 r--p 0000f000 08:05 5248340    /usr/lib/i386-linux-gnu/libglapi.so.0.0.0
8a58c000-8a591000 rwxp 00011000 08:05 5248340    /usr/lib/i386-linux-gnu/libglapi.so.0.0.0
8a591000-8a5e4000 r-xp 00000000 08:05 5250022    /usr/lib/i386-linux-gnu/mesa/libGL.so.1.2.0
8a5e4000-8a5e6000 r--p 00052000 08:05 5250022    /usr/lib/i386-linux-gnu/mesa/libGL.so.1.2.0
8a5e6000-8a5ea000 rwxp 00054000 08:05 5250022    /usr/lib/i386-linux-gnu/mesa/libGL.so.1.2.0
8a5ea000-8a5eb000 rwxp 00000000 00:00 0 
8a5eb000-8a646000 r-xp 00000000 08:05 5381112    /home/adam/workspace/java/7enkesh/liblwjgl.so
8a646000-8a647000 r--p 0005a000 08:05 5381112    /home/adam/workspace/java/7enkesh/liblwjgl.so
8a647000-8a648000 rw-p 0005b000 08:05 5381112    /home/adam/workspace/java/7enkesh/liblwjgl.so
8a648000-8a64b000 ---p 00000000 00:00 0 
8a64b000-8a699000 rw-p 00000000 00:00 0          [stack:9203]
8a699000-8a6f8000 r-xp 00000000 08:05 8262498    /usr/local/java/jdk1.7.0_21/jre/lib/i386/libt2k.so
8a6f8000-8a6fc000 rw-p 0005f000 08:05 8262498    /usr/local/java/jdk1.7.0_21/jre/lib/i386/libt2k.so
8a6fc000-8a700000 rw-p 00000000 00:00 0 
8a700000-8a7d7000 rw-p 00000000 00:00 0 
8a7d7000-8a800000 ---p 00000000 00:00 0 
8a802000-8a807000 r-xp 00000000 08:05 5248089    /usr/lib/i386-linux-gnu/libasyncns.so.0.3.1
8a807000-8a808000 r--p 00004000 08:05 5248089    /usr/lib/i386-linux-gnu/libasyncns.so.0.3.1
8a808000-8a809000 rw-p 00005000 08:05 5248089    /usr/lib/i386-linux-gnu/libasyncns.so.0.3.1
8a809000-8a814000 r-xp 00000000 08:05 5248219    /usr/lib/i386-linux-gnu/libdrm.so.2.4.0
8a814000-8a815000 r--p 0000a000 08:05 5248219    /usr/lib/i386-linux-gnu/libdrm.so.2.4.0
8a815000-8a816000 rw-p 0000b000 08:05 5248219    /usr/lib/i386-linux-gnu/libdrm.so.2.4.0
8a828000-8a82f000 r--s 00000000 08:05 5249555    /usr/lib/i386-linux-gnu/gconv/gconv-modules.cache
8a82f000-8a832000 ---p 00000000 00:00 0 
8a832000-8a880000 rw-p 00000000 00:00 0          [stack:9202]
8a880000-8a881000 ---p 00000000 00:00 0 
8a881000-8b081000 rw-p 00000000 00:00 0          [stack:9201]
8b081000-8b09b000 r-xp 00000000 08:05 5248199    /usr/lib/i386-linux-gnu/libdbusmenu-glib.so.4.0.12
8b09b000-8b09c000 ---p 0001a000 08:05 5248199    /usr/lib/i386-linux-gnu/libdbusmenu-glib.so.4.0.12
8b09c000-8b09d000 r--p 0001a000 08:05 5248199    /usr/lib/i386-linux-gnu/libdbusmenu-glib.so.4.0.12
8b09d000-8b09e000 rw-p 0001b000 08:05 5248199    /usr/lib/i386-linux-gnu/libdbusmenu-glib.so.4.0.12
8b09e000-8b0af000 r-xp 00000000 08:05 5248201    /usr/lib/i386-linux-gnu/libdbusmenu-gtk.so.4.0.12
8b0af000-8b0b0000 r--p 00010000 08:05 5248201    /usr/lib/i386-linux-gnu/libdbusmenu-gtk.so.4.0.12
8b0b0000-8b0b1000 rw-p 00011000 08:05 5248201    /usr/lib/i386-linux-gnu/libdbusmenu-gtk.so.4.0.12
8b0b1000-8b0f4000 r-xp 00000000 08:05 5248491    /usr/lib/i386-linux-gnu/libibus-1.0.so.0.402.0
8b0f4000-8b0f5000 r--p 00043000 08:05 5248491    /usr/lib/i386-linux-gnu/libibus-1.0.so.0.402.0
8b0f5000-8b0f6000 rw-p 00044000 08:05 5248491    /usr/lib/i386-linux-gnu/libibus-1.0.so.0.402.0
8b0f8000-8b0fc000 r-xp 00000000 08:05 5248058    /usr/lib/i386-linux-gnu/libXxf86vm.so.1.0.0
8b0fc000-8b0fd000 r--p 00003000 08:05 5248058    /usr/lib/i386-linux-gnu/libXxf86vm.so.1.0.0
8b0fd000-8b0fe000 rw-p 00004000 08:05 5248058    /usr/lib/i386-linux-gnu/libXxf86vm.so.1.0.0
8b0fe000-8b101000 ---p 00000000 00:00 0 
8b101000-8b10f000 rw-p 00000000 00:00 0          [stack:9205]
8b10f000-8b161000 r--p 00000000 08:05 6163083    /usr/share/fonts/truetype/ttf-dejavu/DejaVuSansMono.ttf
8b161000-8b1a1000 r--p 00000000 08:05 6163112    /usr/share/fonts/truetype/ubuntu-font-family/Ubuntu-M.ttf
8b1a1000-8b1b4000 r--s 00000000 08:05 6163139    /usr/share/fonts/type1/gsfonts/b018015l.pfb
8b1b4000-8b1cf000 r--s 00000000 08:05 6163151    /usr/share/fonts/type1/gsfonts/c059016l.pfb
8b1cf000-8b1e2000 r--s 00000000 08:05 6163184    /usr/share/fonts/type1/gsfonts/n019064l.pfb
8b1e2000-8b1f2000 r--s 00000000 08:05 6163130    /usr/share/fonts/type1/gsfonts/a010033l.pfb
8b1f2000-8b209000 r--s 00000000 08:05 6163226    /usr/share/fonts/type1/gsfonts/z003034l.pfb
8b209000-8b219000 r--s 00000000 08:05 6163124    /usr/share/fonts/type1/gsfonts/a010013l.pfb
8b219000-8b231000 r--s 00000000 08:05 6163154    /usr/share/fonts/type1/gsfonts/c059033l.pfb
8b231000-8b24b000 r--s 00000000 08:05 6163148    /usr/share/fonts/type1/gsfonts/c059013l.pfb
8b24b000-8b25d000 r--s 00000000 08:05 6163178    /usr/share/fonts/type1/gsfonts/n019044l.pfb
8b25d000-8b279000 r--s 00000000 08:05 6163220    /usr/share/fonts/type1/gsfonts/p052024l.pfb
8b279000-8b294000 r--s 00000000 08:05 6163217    /usr/share/fonts/type1/gsfonts/p052023l.pfb
8b294000-8b2af000 r--s 00000000 08:05 6163214    /usr/share/fonts/type1/gsfonts/p052004l.pfb
8b2af000-8b2b8000 r--s 00000000 08:05 6163223    /usr/share/fonts/type1/gsfonts/s050000l.pfb
8b2b8000-8b2c9000 r--s 00000000 08:05 6163181    /usr/share/fonts/type1/gsfonts/n019063l.pfb
8b2c9000-8b2d9000 r--s 00000000 08:05 6163127    /usr/share/fonts/type1/gsfonts/a010015l.pfb
8b2d9000-8b2f1000 r--s 00000000 08:05 6163157    /usr/share/fonts/type1/gsfonts/c059036l.pfb
8b2f1000-8b30c000 r--s 00000000 08:05 6163211    /usr/share/fonts/type1/gsfonts/p052003l.pfb
8b30c000-8b31e000 r--s 00000000 08:05 6163145    /usr/share/fonts/type1/gsfonts/b018035l.pfb
8b31e000-8b32a000 r--s 00000000 08:05 6163160    /usr/share/fonts/type1/gsfonts/d050000l.pfb
8b32a000-8b33c000 r--s 00000000 08:05 6163175    /usr/share/fonts/type1/gsfonts/n019043l.pfb
8b33c000-8b355000 r--s 00000000 08:05 6163136    /usr/share/fonts/type1/gsfonts/b018012l.pfb
8b355000-8b366000 r--s 00000000 08:05 6163133    /usr/share/fonts/type1/gsfonts/a010035l.pfb
8b366000-8b37b000 r--s 00000000 08:05 6163142    /usr/share/fonts/type1/gsfonts/b018032l.pfb
8b37b000-8b39c000 r--s 00000000 08:05 7996175    /usr/share/texmf/fonts/type1/public/tex-gyre/qtmr.pfb
8b39c000-8b3bd000 r--s 00000000 08:05 7996180    /usr/share/texmf/fonts/type1/public/tex-gyre/qtmb.pfb
8b3bd000-8b3c0000 r-xp 00000000 08:05 5248875    /usr/lib/i386-linux-gnu/libxcb-dri2.so.0.0.0
8b3c0000-8b3c1000 r--p 00003000 08:05 5248875    /usr/lib/i386-linux-gnu/libxcb-dri2.so.0.0.0
8b3c1000-8b3c2000 rw-p 00004000 08:05 5248875    /usr/lib/i386-linux-gnu/libxcb-dri2.so.0.0.0
8b3c2000-8b3c3000 r-xp 00000000 08:05 5248009    /usr/lib/i386-linux-gnu/libX11-xcb.so.1.0.0
8b3c3000-8b3c4000 r--p 00000000 08:05 5248009    /usr/lib/i386-linux-gnu/libX11-xcb.so.1.0.0
8b3c4000-8b3c5000 rw-p 00001000 08:05 5248009    /usr/lib/i386-linux-gnu/libX11-xcb.so.1.0.0
8b3c5000-8b3c6000 r-xp 00000000 08:05 8262510    /usr/local/java/jdk1.7.0_21/jre/lib/i386/libjawt.so
8b3c6000-8b3c7000 rw-p 00000000 08:05 8262510    /usr/local/java/jdk1.7.0_21/jre/lib/i386/libjawt.so
8b3c7000-8b3e7000 r--s 00000000 08:05 7996190    /usr/share/texmf/fonts/type1/public/tex-gyre/qbkb.pfb
8b3e7000-8b403000 r--s 00000000 08:05 7996194    /usr/share/texmf/fonts/type1/public/tex-gyre/qagb.pfb
8b403000-8b40c000 r--s 00000000 08:05 6162454    /usr/share/fonts/X11/Type1/c0649bt_.pfb
8b40c000-8b427000 r--s 00000000 08:05 7996200    /usr/share/texmf/fonts/type1/public/tex-gyre/qhvcr.pfb
8b427000-8b440000 r--s 00000000 08:05 7996178    /usr/share/texmf/fonts/type1/public/tex-gyre/qagri.pfb
8b440000-8b45a000 r--s 00000000 08:05 7996192    /usr/share/texmf/fonts/type1/public/tex-gyre/qagbi.pfb
8b45a000-8b47a000 r--s 00000000 08:05 7996197    /usr/share/texmf/fonts/type1/public/tex-gyre/qcsb.pfb
8b47a000-8b494000 r--s 00000000 08:05 7996198    /usr/share/texmf/fonts/type1/public/tex-gyre/qhvcri.pfb
8b494000-8b49e000 r--s 00000000 08:05 6162444    /usr/share/fonts/X11/Type1/c0583bt_.pfb
8b49e000-8b4bd000 r--s 00000000 08:05 7996173    /usr/share/texmf/fonts/type1/public/tex-gyre/qcrr.pfb
8b4bd000-8b4d8000 r--s 00000000 08:05 7996202    /usr/share/texmf/fonts/type1/public/tex-gyre/qhvcbi.pfb
8b4d8000-8b4f3000 r--s 00000000 08:05 7996183    /usr/share/texmf/fonts/type1/public/tex-gyre/qagr.pfb
8b4f3000-8b512000 r--s 00000000 08:05 7996191    /usr/share/texmf/fonts/type1/public/tex-gyre/qcrri.pfb
8b512000-8b52e000 r--s 00000000 08:05 7996186    /usr/share/texmf/fonts/type1/public/tex-gyre/qhvcb.pfb
8b52e000-8b538000 r--s 00000000 08:05 6162446    /usr/share/fonts/X11/Type1/c0611bt_.pfb
8b538000-8b558000 r--s 00000000 08:05 7996201    /usr/share/texmf/fonts/type1/public/tex-gyre/qcrb.pfb
8b558000-8b57a000 r--s 00000000 08:05 7996196    /usr/share/texmf/fonts/type1/public/tex-gyre/qplr.pfb
8b57a000-8b59a000 r--s 00000000 08:05 7996179    /usr/share/texmf/fonts/type1/public/tex-gyre/qcsr.pfb
8b59a000-8b5bb000 r--s 00000000 08:05 7996203    /usr/share/texmf/fonts/type1/public/tex-gyre/qbkri.pfb
8b5bb000-8b5dd000 r--s 00000000 08:05 7996189    /usr/share/texmf/fonts/type1/public/tex-gyre/qplb.pfb
8b5dd000-8b600000 r--s 00000000 08:05 7996185    /usr/share/texmf/fonts/type1/public/tex-gyre/qplbi.pfb
8b600000-8b6ad000 rw-p 00000000 00:00 0 
8b6ad000-8b700000 ---p 00000000 00:00 0 
8b700000-8b701000 rw-s 00000000 00:04 143954     /drm mm object (deleted)
8b701000-8b706000 r-xp 00000000 08:05 5249839    /usr/lib/i386-linux-gnu/gtk-2.0/2.10.0/menuproxies/libappmenu.so
8b706000-8b707000 r--p 00004000 08:05 5249839    /usr/lib/i386-linux-gnu/gtk-2.0/2.10.0/menuproxies/libappmenu.so
8b707000-8b708000 rw-p 00005000 08:05 5249839    /usr/lib/i386-linux-gnu/gtk-2.0/2.10.0/menuproxies/libappmenu.so
8b708000-8b728000 r--s 00000000 08:05 7996182    /usr/share/texmf/fonts/type1/public/tex-gyre/qbkbi.pfb
8b728000-8b743000 r--s 00000000 08:05 7996174    /usr/share/texmf/fonts/type1/public/tex-gyre/qhvri.pfb
8b743000-8b749000 r-xp 00000000 08:05 5249830    /usr/lib/i386-linux-gnu/gtk-2.0/2.10.0/immodules/im-ibus.so
8b749000-8b74a000 r--p 00005000 08:05 5249830    /usr/lib/i386-linux-gnu/gtk-2.0/2.10.0/immodules/im-ibus.so
8b74a000-8b74b000 rw-p 00006000 08:05 5249830    /usr/lib/i386-linux-gnu/gtk-2.0/2.10.0/immodules/im-ibus.so
8b74b000-8b755000 r--s 00000000 08:05 6162442    /usr/share/fonts/X11/Type1/c0582bt_.pfb
8b755000-8b771000 r--s 00000000 08:05 7996176    /usr/share/texmf/fonts/type1/public/tex-gyre/qhvb.pfb
8b771000-8b791000 r--s 00000000 08:05 7996187    /usr/share/texmf/fonts/type1/public/tex-gyre/qcrbi.pfb
8b791000-8b7ab000 r--s 00000000 08:05 7996205    /usr/share/texmf/fonts/type1/public/tex-gyre/qhvbi.pfb
8b7ab000-8b7cb000 r--s 00000000 08:05 7996204    /usr/share/texmf/fonts/type1/public/tex-gyre/qbkr.pfb
8b7cb000-8b7d5000 r--s 00000000 08:05 6162440    /usr/share/fonts/X11/Type1/c0419bt_.pfb
8b7d5000-8b7d6000 rwxp 00000000 00:00 0 
8b7d6000-8b7df000 r--s 00000000 08:05 6162450    /usr/share/fonts/X11/Type1/c0633bt_.pfb
8b7df000-8b800000 r--s 00000000 08:05 7996195    /usr/share/texmf/fonts/type1/public/tex-gyre/qcsbi.pfb
8b800000-8b8ca000 rw-p 00000000 00:00 0 
8b8ca000-8b900000 ---p 00000000 00:00 0 
8b900000-8b902000 r-xp 00000000 08:05 5250078    /usr/lib/i386-linux-gnu/pango/1.8.0/modules/pango-basic-fc.so
8b902000-8b903000 r--p 00002000 08:05 5250078    /usr/lib/i386-linux-gnu/pango/1.8.0/modules/pango-basic-fc.so
8b903000-8b904000 rw-p 00003000 08:05 5250078    /usr/lib/i386-linux-gnu/pango/1.8.0/modules/pango-basic-fc.so
8b904000-8b926000 r--s 00000000 08:05 7996199    /usr/share/texmf/fonts/type1/public/tex-gyre/qplri.pfb
8b926000-8b92f000 r--s 00000000 08:05 6162448    /usr/share/fonts/X11/Type1/c0632bt_.pfb
8b92f000-8b938000 r--s 00000000 08:05 6162452    /usr/share/fonts/X11/Type1/c0648bt_.pfb
8b938000-8b958000 r--s 00000000 08:05 7996193    /usr/share/texmf/fonts/type1/public/tex-gyre/qtmri.pfb
8b958000-8b973000 r--s 00000000 08:05 7996188    /usr/share/texmf/fonts/type1/public/tex-gyre/qhvr.pfb
8b973000-8b993000 r--s 00000000 08:05 7996177    /usr/share/texmf/fonts/type1/public/tex-gyre/qtmbi.pfb
8b993000-8b9b3000 r--s 00000000 08:05 7996184    /usr/share/texmf/fonts/type1/public/tex-gyre/qcsri.pfb
8b9b3000-8b9cd000 r--s 00000000 08:05 7996181    /usr/share/texmf/fonts/type1/public/tex-gyre/qzcmi.pfb
8b9cd000-8b9ce000 r--s 00000000 08:05 1572961    /var/cache/fontconfig/c05880de57d1f5e948fdfacc138775d9-le32d4.cache-3
8b9ce000-8b9d4000 r--s 00000000 08:05 1572953    /var/cache/fontconfig/945677eb7aeaf62f1d50efc3fb3ec7d8-le32d4.cache-3
8b9d4000-8b9d6000 r--s 00000000 08:05 1572955    /var/cache/fontconfig/99e8ed0e538f840c565b6ed5dad60d56-le32d4.cache-3
8b9d6000-8b9d9000 r--s 00000000 08:05 1572938    /var/cache/fontconfig/2cd17615ca594fa2959ae173292e504c-le32d4.cache-3
8b9d9000-8b9da000 r--s 00000000 08:05 1572969    /var/cache/fontconfig/e7071f4a29fa870f4323321c154eba04-le32d4.cache-3
8b9da000-8b9db000 r--s 00000000 08:05 1572935    /var/cache/fontconfig/0d8c3b2ac0904cb8a57a757ad11a4a08-le32d4.cache-3
8b9db000-8b9df000 r--s 00000000 08:05 1572957    /var/cache/fontconfig/a755afe4a08bf5b97852ceb7400b47bc-le32d4.cache-3
8b9df000-8b9e6000 r--s 00000000 08:05 1581483    /var/cache/fontconfig/6d41288fd70b0be22e8c3a91e032eec0-le32d4.cache-3
8b9e6000-8b9f1000 r--s 00000000 08:05 1572933    /var/cache/fontconfig/04aabc0a78ac019cf9454389977116d2-le32d4.cache-3
8b9f1000-8b9f2000 r--s 00000000 08:05 1572937    /var/cache/fontconfig/1ac9eb803944fde146138c791f5cc56a-le32d4.cache-3
8b9f2000-8b9f5000 r--s 00000000 08:05 1572942    /var/cache/fontconfig/385c0604a188198f04d133e54aba7fe7-le32d4.cache-3
8b9f5000-8b9f6000 r--s 00000000 08:05 1572967    /var/cache/fontconfig/dc05db6664285cc2f12bf69c139ae4c3-le32d4.cache-3
8b9f6000-8b9f8000 r--s 00000000 08:05 1572950    /var/cache/fontconfig/767a8244fc0220cfb567a839d0392e0b-le32d4.cache-3
8b9f8000-8b9fb000 r--s 00000000 08:05 1572952    /var/cache/fontconfig/8801497958630a81b71ace7c5f9b32a8-le32d4.cache-3
8b9fb000-8ba1e000 r--s 00000000 08:05 1582441    /var/cache/fontconfig/365b55f210c0a22e9a19e35191240f32-le32d4.cache-3
8ba1e000-8ba22000 r--s 00000000 08:05 1572939    /var/cache/fontconfig/3047814df9a2f067bd2d96a2b9c36e5a-le32d4.cache-3
8ba22000-8ba2f000 r--s 00000000 08:05 1572965    /var/cache/fontconfig/d52a8644073d54c13679302ca1180695-le32d4.cache-3
8ba2f000-8ba35000 r--s 00000000 08:05 1581194    /var/cache/fontconfig/3f7329c5293ffd510edef78f73874cfd-le32d4.cache-3
8ba35000-8ba3c000 r--s 00000000 08:05 1582664    /var/cache/fontconfig/e13b20fdb08344e0e664864cc2ede53d-le32d4.cache-3
8ba3c000-8ba43000 r--s 00000000 08:05 8127935    /home/adam/.cache/fontconfig/8f02d4cb045bd6ce15663e43f347c9f8-le32d4.cache-3
8ba43000-8ba59000 r--s 00000000 08:05 6163208    /usr/share/fonts/type1/gsfonts/n022024l.pfb
8ba59000-8ba71000 r--s 00000000 08:05 6163199    /usr/share/fonts/type1/gsfonts/n022003l.pfb
8ba71000-8ba82000 r--s 00000000 08:05 6163172    /usr/share/fonts/type1/gsfonts/n019024l.pfb
8ba82000-8ba9b000 r--s 00000000 08:05 6163190    /usr/share/fonts/type1/gsfonts/n021004l.pfb
8ba9b000-8baad000 r--s 00000000 08:05 6163166    /usr/share/fonts/type1/gsfonts/n019004l.pfb
8baad000-8bac6000 r--s 00000000 08:05 6163202    /usr/share/fonts/type1/gsfonts/n022004l.pfb
8bac6000-8badf000 r--s 00000000 08:05 6163187    /usr/share/fonts/type1/gsfonts/n021003l.pfb
8badf000-8baf5000 r--s 00000000 08:05 6163196    /usr/share/fonts/type1/gsfonts/n021024l.pfb
8baf5000-8bb0b000 r--s 00000000 08:05 6163205    /usr/share/fonts/type1/gsfonts/n022023l.pfb
8bb0b000-8bb22000 r--s 00000000 08:05 6163193    /usr/share/fonts/type1/gsfonts/n021023l.pfb
8bb22000-8bb33000 r--s 00000000 08:05 6163169    /usr/share/fonts/type1/gsfonts/n019023l.pfb
8bb33000-8bb47000 r--s 00000000 08:05 6163163    /usr/share/fonts/type1/gsfonts/n019003l.pfb
8bb47000-8bb55000 r-xp 00000000 08:05 8262511    /usr/local/java/jdk1.7.0_21/jre/lib/i386/libnio.so
8bb55000-8bb56000 rw-p 0000e000 08:05 8262511    /usr/local/java/jdk1.7.0_21/jre/lib/i386/libnio.so
8bb56000-8bb6a000 r-xp 00000000 08:05 8262502    /usr/local/java/jdk1.7.0_21/jre/lib/i386/libnet.so
8bb6a000-8bb6b000 rw-p 00014000 08:05 8262502    /usr/local/java/jdk1.7.0_21/jre/lib/i386/libnet.so
8bb6b000-8bbc7000 r-xp 00000000 08:05 8262520    /usr/local/java/jdk1.7.0_21/jre/lib/i386/libfontmanager.so
8bbc7000-8bbc9000 rw-p 0005b000 08:05 8262520    /usr/local/java/jdk1.7.0_21/jre/lib/i386/libfontmanager.so
8bbc9000-8bbce000 rw-p 00000000 00:00 0 
8bbce000-8bbcf000 ---p 00000000 00:00 0 
8bbcf000-8c3cf000 rw-p 00000000 00:00 0          [stack:9200]
8c3cf000-8c3d0000 ---p 00000000 00:00 0 
8c3d0000-8cbd0000 rw-p 00000000 00:00 0          [stack:9199]
8cbd0000-8cbe0000 r-xp 00000000 08:05 4594542    /lib/i386-linux-gnu/libudev.so.1.2.2
8cbe0000-8cbe1000 r--p 0000f000 08:05 4594542    /lib/i386-linux-gnu/libudev.so.1.2.2
8cbe1000-8cbe2000 rw-p 00010000 08:05 4594542    /lib/i386-linux-gnu/libudev.so.1.2.2
8cbe2000-8cc14000 r-xp 00000000 08:05 5249895    /usr/lib/i386-linux-gnu/gvfs/libgvfscommon.so
8cc14000-8cc15000 ---p 00032000 08:05 5249895    /usr/lib/i386-linux-gnu/gvfs/libgvfscommon.so
8cc15000-8cc17000 r--p 00032000 08:05 5249895    /usr/lib/i386-linux-gnu/gvfs/libgvfscommon.so
8cc17000-8cc18000 rw-p 00034000 08:05 5249895    /usr/lib/i386-linux-gnu/gvfs/libgvfscommon.so
8cc18000-8cc48000 r-xp 00000000 08:05 5249592    /usr/lib/i386-linux-gnu/gio/modules/libgvfsdbus.so
8cc48000-8cc49000 r--p 0002f000 08:05 5249592    /usr/lib/i386-linux-gnu/gio/modules/libgvfsdbus.so
8cc49000-8cc4a000 rw-p 00030000 08:05 5249592    /usr/lib/i386-linux-gnu/gio/modules/libgvfsdbus.so
8cc4a000-8cc63000 r-xp 00000000 08:05 5249591    /usr/lib/i386-linux-gnu/gio/modules/libgioremote-volume-monitor.so
8cc63000-8cc64000 r--p 00019000 08:05 5249591    /usr/lib/i386-linux-gnu/gio/modules/libgioremote-volume-monitor.so
8cc64000-8cc65000 rw-p 0001a000 08:05 5249591    /usr/lib/i386-linux-gnu/gio/modules/libgioremote-volume-monitor.so
8cc65000-8cca4000 r--p 00000000 08:05 6161699    /usr/share/glib-2.0/schemas/gschemas.compiled
8cca4000-8ccaa000 r-xp 00000000 08:05 5248624    /usr/lib/i386-linux-gnu/libogg.so.0.8.0
8ccaa000-8ccab000 r--p 00005000 08:05 5248624    /usr/lib/i386-linux-gnu/libogg.so.0.8.0
8ccab000-8ccac000 rw-p 00006000 08:05 5248624    /usr/lib/i386-linux-gnu/libogg.so.0.8.0
8ccac000-8ccd5000 r-xp 00000000 08:05 5248845    /usr/lib/i386-linux-gnu/libvorbis.so.0.4.5
8ccd5000-8ccd6000 ---p 00029000 08:05 5248845    /usr/lib/i386-linux-gnu/libvorbis.so.0.4.5
8ccd6000-8ccd7000 r--p 00029000 08:05 5248845    /usr/lib/i386-linux-gnu/libvorbis.so.0.4.5
8ccd7000-8ccd8000 rw-p 0002a000 08:05 5248845    /usr/lib/i386-linux-gnu/libvorbis.so.0.4.5
8ccd8000-8cce1000 r-xp 00000000 08:05 5248558    /usr/lib/i386-linux-gnu/libltdl.so.7.3.0
8cce1000-8cce2000 r--p 00008000 08:05 5248558    /usr/lib/i386-linux-gnu/libltdl.so.7.3.0
8cce2000-8cce3000 rw-p 00009000 08:05 5248558    /usr/lib/i386-linux-gnu/libltdl.so.7.3.0
8cce3000-8ccf4000 r-xp 00000000 08:05 5248792    /usr/lib/i386-linux-gnu/libtdb.so.1.2.10
8ccf4000-8ccf5000 r--p 00010000 08:05 5248792    /usr/lib/i386-linux-gnu/libtdb.so.1.2.10
8ccf5000-8ccf6000 rw-p 00011000 08:05 5248792    /usr/lib/i386-linux-gnu/libtdb.so.1.2.10
8ccf6000-8ccfe000 r-xp 00000000 08:05 5248849    /usr/lib/i386-linux-gnu/libvorbisfile.so.3.3.4
8ccfe000-8ccff000 r--p 00007000 08:05 5248849    /usr/lib/i386-linux-gnu/libvorbisfile.so.3.3.4
8ccff000-8cd00000 rw-p 00008000 08:05 5248849    /usr/lib/i386-linux-gnu/libvorbisfile.so.3.3.4
8cd00000-8ce00000 rw-p 00000000 00:00 0 
8ce00000-8ce0f000 r-xp 00000000 08:05 5248135    /usr/lib/i386-linux-gnu/libcanberra.so.0.2.5
8ce0f000-8ce10000 r--p 0000e000 08:05 5248135    /usr/lib/i386-linux-gnu/libcanberra.so.0.2.5
8ce10000-8ce11000 rw-p 0000f000 08:05 5248135    /usr/lib/i386-linux-gnu/libcanberra.so.0.2.5
8ce11000-8ce12000 r--s 00000000 08:05 1572943    /var/cache/fontconfig/4794a0821666d79190d59a36cb4f44b5-le32d4.cache-3
8ce12000-8ce13000 r--s 00000000 08:05 1572945    /var/cache/fontconfig/56cf4f4769d0f4abc89a4895d7bd3ae1-le32d4.cache-3
8ce13000-8ce14000 r--s 00000000 08:05 1572960    /var/cache/fontconfig/b9d506c9ac06c20b433354fa67a72993-le32d4.cache-3
8ce14000-8ce1e000 r--s 00000000 08:05 6163229    /usr/share/fonts/type1/mathml/Symbol.pfb
8ce1e000-8ce28000 r-xp 00000000 08:05 5249587    /usr/lib/i386-linux-gnu/gio/modules/libdconfsettings.so
8ce28000-8ce29000 r--p 00009000 08:05 5249587    /usr/lib/i386-linux-gnu/gio/modules/libdconfsettings.so
8ce29000-8ce2a000 rw-p 0000a000 08:05 5249587    /usr/lib/i386-linux-gnu/gio/modules/libdconfsettings.so
8ce2a000-8ce2f000 r-xp 00000000 08:05 5249845    /usr/lib/i386-linux-gnu/gtk-2.0/modules/libcanberra-gtk-module.so
8ce2f000-8ce30000 r--p 00004000 08:05 5249845    /usr/lib/i386-linux-gnu/gtk-2.0/modules/libcanberra-gtk-module.so
8ce30000-8ce31000 rw-p 00005000 08:05 5249845    /usr/lib/i386-linux-gnu/gtk-2.0/modules/libcanberra-gtk-module.so
8ce31000-8ce66000 r-xp 00000000 08:05 5249826    /usr/lib/i386-linux-gnu/gtk-2.0/2.10.0/engines/libmurrine.so
8ce66000-8ce67000 r--p 00034000 08:05 5249826    /usr/lib/i386-linux-gnu/gtk-2.0/2.10.0/engines/libmurrine.so
8ce67000-8ce68000 rw-p 00035000 08:05 5249826    /usr/lib/i386-linux-gnu/gtk-2.0/2.10.0/engines/libmurrine.so
8ce68000-8dfd7000 r-xp 00000000 08:05 5248493    /usr/lib/i386-linux-gnu/libicudata.so.48.1.1
8dfd7000-8dfd8000 r--p 0116e000 08:05 5248493    /usr/lib/i386-linux-gnu/libicudata.so.48.1.1
8dfd8000-8dfd9000 rw-p 0116f000 08:05 5248493    /usr/lib/i386-linux-gnu/libicudata.so.48.1.1
8dfd9000-8dff4000 r-xp 00000000 08:05 4588382    /lib/i386-linux-gnu/libgcc_s.so.1
8dff4000-8dff5000 r--p 0001a000 08:05 4588382    /lib/i386-linux-gnu/libgcc_s.so.1
8dff5000-8dff6000 rw-p 0001b000 08:05 4588382    /lib/i386-linux-gnu/libgcc_s.so.1
8dff6000-8e0d2000 r-xp 00000000 08:05 5248782    /usr/lib/i386-linux-gnu/libstdc++.so.6.0.17
8e0d2000-8e0d3000 ---p 000dc000 08:05 5248782    /usr/lib/i386-linux-gnu/libstdc++.so.6.0.17
8e0d3000-8e0d7000 r--p 000dc000 08:05 5248782    /usr/lib/i386-linux-gnu/libstdc++.so.6.0.17
8e0d7000-8e0d8000 rw-p 000e0000 08:05 5248782    /usr/lib/i386-linux-gnu/libstdc++.so.6.0.17
8e0d8000-8e0df000 rw-p 00000000 00:00 0 
8e0df000-8e235000 r-xp 00000000 08:05 5248507    /usr/lib/i386-linux-gnu/libicuuc.so.48.1.1
8e235000-8e23f000 r--p 00155000 08:05 5248507    /usr/lib/i386-linux-gnu/libicuuc.so.48.1.1
8e23f000-8e240000 rw-p 0015f000 08:05 5248507    /usr/lib/i386-linux-gnu/libicuuc.so.48.1.1
8e240000-8e244000 rw-p 00000000 00:00 0 
8e244000-8e277000 r-xp 00000000 08:05 5248499    /usr/lib/i386-linux-gnu/libicule.so.48.1.1
8e277000-8e278000 ---p 00033000 08:05 5248499    /usr/lib/i386-linux-gnu/libicule.so.48.1.1
8e278000-8e279000 r--p 00033000 08:05 5248499    /usr/lib/i386-linux-gnu/libicule.so.48.1.1
8e279000-8e27a000 rw-p 00034000 08:05 5248499    /usr/lib/i386-linux-gnu/libicule.so.48.1.1
8e27a000-8e2b9000 r-xp 00000000 08:05 4588452    /lib/i386-linux-gnu/libpcre.so.3.13.1
8e2b9000-8e2ba000 r--p 0003f000 08:05 4588452    /lib/i386-linux-gnu/libpcre.so.3.13.1
8e2ba000-8e2bb000 rw-p 00040000 08:05 4588452    /lib/i386-linux-gnu/libpcre.so.3.13.1
8e2bb000-8e2c0000 r-xp 00000000 08:05 5248253    /usr/lib/i386-linux-gnu/libffi.so.6.0.1
8e2c0000-8e2c1000 r--p 00005000 08:05 5248253    /usr/lib/i386-linux-gnu/libffi.so.6.0.1
8e2c1000-8e2c2000 rw-p 00006000 08:05 5248253    /usr/lib/i386-linux-gnu/libffi.so.6.0.1
8e2c2000-8e2e7000 r-xp 00000000 08:05 4588377    /lib/i386-linux-gnu/libexpat.so.1.6.0
8e2e7000-8e2e9000 r--p 00025000 08:05 4588377    /lib/i386-linux-gnu/libexpat.so.1.6.0
8e2e9000-8e2ea000 rw-p 00027000 08:05 4588377    /lib/i386-linux-gnu/libexpat.so.1.6.0
8e2ea000-8e382000 r-xp 00000000 08:05 5248477    /usr/lib/i386-linux-gnu/libharfbuzz.so.0.913.0
8e382000-8e383000 ---p 00098000 08:05 5248477    /usr/lib/i386-linux-gnu/libharfbuzz.so.0.913.0
8e383000-8e384000 r--p 00098000 08:05 5248477    /usr/lib/i386-linux-gnu/libharfbuzz.so.0.913.0
8e384000-8e385000 rw-p 00099000 08:05 5248477    /usr/lib/i386-linux-gnu/libharfbuzz.so.0.913.0
8e385000-8e398000 r-xp 00000000 08:05 4588475    /lib/i386-linux-gnu/libresolv-2.17.so
8e398000-8e399000 r--p 00013000 08:05 4588475    /lib/i386-linux-gnu/libresolv-2.17.so
8e399000-8e39a000 rw-p 00014000 08:05 4588475    /lib/i386-linux-gnu/libresolv-2.17.so
8e39a000-8e39c000 rw-p 00000000 00:00 0 
8e39c000-8e3b9000 r-xp 00000000 08:05 4588479    /lib/i386-linux-gnu/libselinux.so.1
8e3b9000-8e3ba000 r--p 0001c000 08:05 4588479    /lib/i386-linux-gnu/libselinux.so.1
8e3ba000-8e3bb000 rw-p 0001d000 08:05 4588479    /lib/i386-linux-gnu/libselinux.so.1
8e3bb000-8e3d2000 r-xp 00000000 08:05 4588510    /lib/i386-linux-gnu/libz.so.1.2.7
8e3d2000-8e3d3000 r--p 00016000 08:05 4588510    /lib/i386-linux-gnu/libz.so.1.2.7
8e3d3000-8e3d4000 rw-p 00017000 08:05 4588510    /lib/i386-linux-gnu/libz.so.1.2.7
8e3d4000-8e3fb000 r-xp 00000000 08:05 4588464    /lib/i386-linux-gnu/libpng12.so.0.49.0
8e3fb000-8e3fc000 r--p 00026000 08:05 4588464    /lib/i386-linux-gnu/libpng12.so.0.49.0
8e3fc000-8e3fd000 rw-p 00027000 08:05 4588464    /lib/i386-linux-gnu/libpng12.so.0.49.0
8e3fd000-8e491000 r-xp 00000000 08:05 5248662    /usr/lib/i386-linux-gnu/libpixman-1.so.0.28.2
8e491000-8e496000 r--p 00093000 08:05 5248662    /usr/lib/i386-linux-gnu/libpixman-1.so.0.28.2
8e496000-8e497000 rw-p 00098000 08:05 5248662    /usr/lib/i386-linux-gnu/libpixman-1.so.0.28.2
8e497000-8e52d000 r-xp 00000000 08:05 5248289    /usr/lib/i386-linux-gnu/libfreetype.so.6.10.0
8e52d000-8e531000 r--p 00095000 08:05 5248289    /usr/lib/i386-linux-gnu/libfreetype.so.6.10.0
8e531000-8e532000 rw-p 00099000 08:05 5248289    /usr/lib/i386-linux-gnu/libfreetype.so.6.10.0
8e532000-8e631000 r-xp 00000000 08:05 4588386    /lib/i386-linux-gnu/libglib-2.0.so.0.3600.0
8e631000-8e632000 r--p 000fe000 08:05 4588386    /lib/i386-linux-gnu/libglib-2.0.so.0.3600.0
8e632000-8e633000 rw-p 000ff000 08:05 4588386    /lib/i386-linux-gnu/libglib-2.0.so.0.3600.0
8e633000-8e681000 r-xp 00000000 08:05 5248362    /usr/lib/i386-linux-gnu/libgobject-2.0.so.0.3600.0
8e681000-8e682000 r--p 0004d000 08:05 5248362    /usr/lib/i386-linux-gnu/libgobject-2.0.so.0.3600.0
8e682000-8e683000 rw-p 0004e000 08:05 5248362    /usr/lib/i386-linux-gnu/libgobject-2.0.so.0.3600.0
8e683000-8e6ba000 r-xp 00000000 08:05 5248261    /usr/lib/i386-linux-gnu/libfontconfig.so.1.6.2
8e6ba000-8e6bb000 r--p 00036000 08:05 5248261    /usr/lib/i386-linux-gnu/libfontconfig.so.1.6.2
8e6bb000-8e6bc000 rw-p 00037000 08:05 5248261    /usr/lib/i386-linux-gnu/libfontconfig.so.1.6.2
8e6bc000-8e705000 r-xp 00000000 08:05 5248640    /usr/lib/i386-linux-gnu/libpango-1.0.so.0.3200.5
8e705000-8e706000 r--p 00049000 08:05 5248640    /usr/lib/i386-linux-gnu/libpango-1.0.so.0.3200.5
8e706000-8e707000 rw-p 0004a000 08:05 5248640    /usr/lib/i386-linux-gnu/libpango-1.0.so.0.3200.5
8e707000-8e867000 r-xp 00000000 08:05 5248336    /usr/lib/i386-linux-gnu/libgio-2.0.so.0.3600.0
8e867000-8e869000 r--p 00160000 08:05 5248336    /usr/lib/i386-linux-gnu/libgio-2.0.so.0.3600.0
8e869000-8e86a000 rw-p 00162000 08:05 5248336    /usr/lib/i386-linux-gnu/libgio-2.0.so.0.3600.0
8e86a000-8e86b000 rw-p 00000000 00:00 0 
8e86b000-8e88b000 r-xp 00000000 08:05 5248320    /usr/lib/i386-linux-gnu/libgdk_pixbuf-2.0.so.0.2800.0
8e88b000-8e88c000 ---p 00020000 08:05 5248320    /usr/lib/i386-linux-gnu/libgdk_pixbuf-2.0.so.0.2800.0
8e88c000-8e88d000 r--p 00020000 08:05 5248320    /usr/lib/i386-linux-gnu/libgdk_pixbuf-2.0.so.0.2800.0
8e88d000-8e88e000 rw-p 00021000 08:05 5248320    /usr/lib/i386-linux-gnu/libgdk_pixbuf-2.0.so.0.2800.0
8e88e000-8e9a1000 r-xp 00000000 08:05 5248127    /usr/lib/i386-linux-gnu/libcairo.so.2.11200.14
8e9a1000-8e9a3000 r--p 00113000 08:05 5248127    /usr/lib/i386-linux-gnu/libcairo.so.2.11200.14
8e9a3000-8e9a4000 rw-p 00115000 08:05 5248127    /usr/lib/i386-linux-gnu/libcairo.so.2.11200.14
8e9a4000-8e9a5000 rw-p 00000000 00:00 0 
8e9a5000-8ea50000 r-xp 00000000 08:05 5248318    /usr/lib/i386-linux-gnu/libgdk-x11-2.0.so.0.2400.17
8ea50000-8ea52000 r--p 000ab000 08:05 5248318    /usr/lib/i386-linux-gnu/libgdk-x11-2.0.so.0.2400.17
8ea52000-8ea53000 rw-p 000ad000 08:05 5248318    /usr/lib/i386-linux-gnu/libgdk-x11-2.0.so.0.2400.17
8ea53000-8eeb4000 r-xp 00000000 08:05 5248461    /usr/lib/i386-linux-gnu/libgtk-x11-2.0.so.0.2400.17
8eeb4000-8eeb8000 r--p 00461000 08:05 5248461    /usr/lib/i386-linux-gnu/libgtk-x11-2.0.so.0.2400.17
8eeb8000-8eeba000 rw-p 00465000 08:05 5248461    /usr/lib/i386-linux-gnu/libgtk-x11-2.0.so.0.2400.17
8eeba000-8eebc000 rw-p 00000000 00:00 0 
8eebc000-8eebf000 ---p 00000000 00:00 0 
8eebf000-8ef0d000 rw-p 00000000 00:00 0          [stack:9198]
8ef0d000-8ef10000 ---p 00000000 00:00 0 
8ef10000-8ef5e000 rw-p 00000000 00:00 0          [stack:9197]
8ef5e000-8ef61000 ---p 00000000 00:00 0 
8ef61000-8efaf000 rw-p 00000000 00:00 0          [stack:9196]
8efaf000-8efb2000 ---p 00000000 00:00 0 
8efb2000-8f000000 rw-p 00000000 00:00 0          [stack:9195]
8f000000-8f0fd000 rw-p 00000000 00:00 0 
8f0fd000-8f100000 ---p 00000000 00:00 0 
8f100000-8f104000 r--s 00000000 08:05 1572959    /var/cache/fontconfig/b47c4e1ecd0709278f4910c18777a504-le32d4.cache-3
8f104000-8f105000 r--s 00000000 08:05 1572934    /var/cache/fontconfig/0c9eb80ebd1c36541ebe2852d3bb0c49-le32d4.cache-3
8f105000-8f117000 r-xp 00000000 08:05 5248644    /usr/lib/i386-linux-gnu/libpangoft2-1.0.so.0.3200.5
8f117000-8f118000 r--p 00011000 08:05 5248644    /usr/lib/i386-linux-gnu/libpangoft2-1.0.so.0.3200.5
8f118000-8f119000 rw-p 00012000 08:05 5248644    /usr/lib/i386-linux-gnu/libpangoft2-1.0.so.0.3200.5
8f119000-8f24b000 r-xp 00000000 08:05 5248011    /usr/lib/i386-linux-gnu/libX11.so.6.3.0
8f24b000-8f24c000 r--p 00132000 08:05 5248011    /usr/lib/i386-linux-gnu/libX11.so.6.3.0
8f24c000-8f24f000 rw-p 00133000 08:05 5248011    /usr/lib/i386-linux-gnu/libX11.so.6.3.0
8f24f000-8f2d5000 r-xp 00000000 08:05 8261468    /usr/local/java/jdk1.7.0_21/jre/lib/i386/libawt.so
8f2d5000-8f2dc000 rw-p 00086000 08:05 8261468    /usr/local/java/jdk1.7.0_21/jre/lib/i386/libawt.so
8f2dc000-8f300000 rw-p 00000000 00:00 0 
8f300000-8f400000 rw-p 00000000 00:00 0 
8f400000-8f406000 r--p 00000000 08:05 4852388    /home/adam/.config/dconf/user
8f406000-8f40e000 r-xp 00000000 08:05 5248879    /usr/lib/i386-linux-gnu/libxcb-render.so.0.0.0
8f40e000-8f40f000 r--p 00008000 08:05 5248879    /usr/lib/i386-linux-gnu/libxcb-render.so.0.0.0
8f40f000-8f410000 rw-p 00009000 08:05 5248879    /usr/lib/i386-linux-gnu/libxcb-render.so.0.0.0
8f410000-8f413000 ---p 00000000 00:00 0 
8f413000-8f461000 rw-p 00000000 00:00 0          [stack:9194]
8f461000-8f4aa000 r-xp 00000000 08:05 8261472    /usr/local/java/jdk1.7.0_21/jre/lib/i386/xawt/libmawt.so
8f4aa000-8f4ad000 rw-p 00048000 08:05 8261472    /usr/local/java/jdk1.7.0_21/jre/lib/i386/xawt/libmawt.so
8f4ad000-8f4ae000 ---p 00000000 00:00 0 
8f4ae000-8f52e000 rw-p 00000000 00:00 0          [stack:9193]
8f52e000-8f531000 ---p 00000000 00:00 0 
8f531000-8f57f000 rw-p 00000000 00:00 0          [stack:9192]
8f57f000-8f582000 ---p 00000000 00:00 0 
8f582000-8f600000 rw-p 00000000 00:00 0          [stack:9191]
8f600000-8f800000 r--p 00000000 08:05 5250913    /usr/lib/locale/locale-archive
8f800000-8f8fe000 rw-p 00000000 00:00 0 
8f8fe000-8f900000 ---p 00000000 00:00 0 
8f900000-8f903000 r--s 00000000 08:05 1583076    /var/cache/fontconfig/7ef2298fde41cc6eeb7af42e48b7d293-le32d4.cache-3
8f903000-8f904000 r--s 00000000 08:05 8128189    /home/adam/.cache/fontconfig/16326683038b281783a0ef8c680e3a10-le32d4.cache-3
8f904000-8f905000 r--s 00000000 00:14 76616      /run/user/adam/dconf/user
8f905000-8f907000 r-xp 00000000 08:05 5248883    /usr/lib/i386-linux-gnu/libxcb-shm.so.0.0.0
8f907000-8f908000 r--p 00001000 08:05 5248883    /usr/lib/i386-linux-gnu/libxcb-shm.so.0.0.0
8f908000-8f909000 rw-p 00002000 08:05 5248883    /usr/lib/i386-linux-gnu/libxcb-shm.so.0.0.0
8f909000-8f90b000 r-xp 00000000 08:05 5248024    /usr/lib/i386-linux-gnu/libXdamage.so.1.1.0
8f90b000-8f90c000 r--p 00001000 08:05 5248024    /usr/lib/i386-linux-gnu/libXdamage.so.1.1.0
8f90c000-8f90d000 rw-p 00002000 08:05 5248024    /usr/lib/i386-linux-gnu/libXdamage.so.1.1.0
8f90d000-8f92b000 r-xp 00000000 08:05 5248091    /usr/lib/i386-linux-gnu/libatk-1.0.so.0.20809.1
8f92b000-8f92d000 r--p 0001d000 08:05 5248091    /usr/lib/i386-linux-gnu/libatk-1.0.so.0.20809.1
8f92d000-8f92e000 rw-p 0001f000 08:05 5248091    /usr/lib/i386-linux-gnu/libatk-1.0.so.0.20809.1
8f92e000-8f931000 ---p 00000000 00:00 0 
8f931000-8f9af000 rw-p 00000000 00:00 0          [stack:9190]
8f9af000-8f9b2000 ---p 00000000 00:00 0 
8f9b2000-8fa00000 rw-p 00000000 00:00 0          [stack:9189]
8fa00000-8faf9000 rw-p 00000000 00:00 0 
8faf9000-8fb00000 ---p 00000000 00:00 0 
8fb00000-8fb02000 r-xp 00000000 08:05 5248020    /usr/lib/i386-linux-gnu/libXcomposite.so.1.0.0
8fb02000-8fb03000 r--p 00001000 08:05 5248020    /usr/lib/i386-linux-gnu/libXcomposite.so.1.0.0
8fb03000-8fb04000 rw-p 00002000 08:05 5248020    /usr/lib/i386-linux-gnu/libXcomposite.so.1.0.0
8fb04000-8fb06000 r-xp 00000000 08:05 5248036    /usr/lib/i386-linux-gnu/libXinerama.so.1.0.0
8fb06000-8fb07000 r--p 00001000 08:05 5248036    /usr/lib/i386-linux-gnu/libXinerama.so.1.0.0
8fb07000-8fb08000 rw-p 00002000 08:05 5248036    /usr/lib/i386-linux-gnu/libXinerama.so.1.0.0
8fb08000-8fb13000 r-xp 00000000 08:05 5248642    /usr/lib/i386-linux-gnu/libpangocairo-1.0.so.0.3200.5
8fb13000-8fb14000 r--p 0000a000 08:05 5248642    /usr/lib/i386-linux-gnu/libpangocairo-1.0.so.0.3200.5
8fb14000-8fb15000 rw-p 0000b000 08:05 5248642    /usr/lib/i386-linux-gnu/libpangocairo-1.0.so.0.3200.5
8fb15000-8fb19000 r-xp 00000000 08:05 5248131    /usr/lib/i386-linux-gnu/libcanberra-gtk.so.0.1.9
8fb19000-8fb1a000 r--p 00003000 08:05 5248131    /usr/lib/i386-linux-gnu/libcanberra-gtk.so.0.1.9
8fb1a000-8fb1b000 rw-p 00004000 08:05 5248131    /usr/lib/i386-linux-gnu/libcanberra-gtk.so.0.1.9
8fb1b000-8fb2c000 r-xp 00000000 08:05 5249848    /usr/lib/i386-linux-gnu/gtk-2.0/modules/liboverlay-scrollbar.so
8fb2c000-8fb2d000 r--p 00010000 08:05 5249848    /usr/lib/i386-linux-gnu/gtk-2.0/modules/liboverlay-scrollbar.so
8fb2d000-8fb2e000 rw-p 00011000 08:05 5249848    /usr/lib/i386-linux-gnu/gtk-2.0/modules/liboverlay-scrollbar.so
8fb2e000-8fb31000 ---p 00000000 00:00 0 
8fb31000-8fb7f000 rw-p 00000000 00:00 0          [stack:9188]
8fb7f000-8fb80000 ---p 00000000 00:00 0 
8fb80000-8fc00000 rw-p 00000000 00:00 0          [stack:9186]
8fc00000-8fd00000 rw-p 00000000 00:00 0 
8fd00000-8fd01000 r-xp 00000000 08:05 5248457    /usr/lib/i386-linux-gnu/libgthread-2.0.so.0.3600.0
8fd01000-8fd02000 r--p 00000000 08:05 5248457    /usr/lib/i386-linux-gnu/libgthread-2.0.so.0.3600.0
8fd02000-8fd03000 rw-p 00001000 08:05 5248457    /usr/lib/i386-linux-gnu/libgthread-2.0.so.0.3600.0
8fd03000-8fd08000 r-xp 00000000 08:05 5248030    /usr/lib/i386-linux-gnu/libXfixes.so.3.1.0
8fd08000-8fd09000 r--p 00004000 08:05 5248030    /usr/lib/i386-linux-gnu/libXfixes.so.3.1.0
8fd09000-8fd0a000 rw-p 00005000 08:05 5248030    /usr/lib/i386-linux-gnu/libXfixes.so.3.1.0
8fd0a000-8fd13000 r-xp 00000000 08:05 5248022    /usr/lib/i386-linux-gnu/libXcursor.so.1.0.2
8fd13000-8fd14000 r--p 00008000 08:05 5248022    /usr/lib/i386-linux-gnu/libXcursor.so.1.0.2
8fd14000-8fd15000 rw-p 00009000 08:05 5248022    /usr/lib/i386-linux-gnu/libXcursor.so.1.0.2
8fd15000-8fd35000 r-xp 00000000 08:05 5248889    /usr/lib/i386-linux-gnu/libxcb.so.1.1.0
8fd35000-8fd36000 r--p 0001f000 08:05 5248889    /usr/lib/i386-linux-gnu/libxcb.so.1.1.0
8fd36000-8fd37000 rw-p 00020000 08:05 5248889    /usr/lib/i386-linux-gnu/libxcb.so.1.1.0
8fd37000-8fd45000 r-xp 00000000 08:05 5248034    /usr/lib/i386-linux-gnu/libXi.so.6.1.0
8fd45000-8fd46000 r--p 0000d000 08:05 5248034    /usr/lib/i386-linux-gnu/libXi.so.6.1.0
8fd46000-8fd47000 rw-p 0000e000 08:05 5248034    /usr/lib/i386-linux-gnu/libXi.so.6.1.0
8fd47000-8ff04000 r--s 039de000 08:05 7086208    /usr/local/java/jdk1.7.0_21/jre/lib/rt.jar
8ff04000-91500000 rw-p 00000000 00:00 0 
91500000-915f9000 rw-p 00000000 00:00 0 
915f9000-91600000 ---p 00000000 00:00 0 
91600000-91605000 r-xp 00000000 08:05 5248026    /usr/lib/i386-linux-gnu/libXdmcp.so.6.0.0
91605000-91606000 r--p 00004000 08:05 5248026    /usr/lib/i386-linux-gnu/libXdmcp.so.6.0.0
91606000-91607000 rw-p 00005000 08:05 5248026    /usr/lib/i386-linux-gnu/libXdmcp.so.6.0.0
91607000-91609000 r-xp 00000000 08:05 5248015    /usr/lib/i386-linux-gnu/libXau.so.6.0.0
91609000-9160a000 r--p 00001000 08:05 5248015    /usr/lib/i386-linux-gnu/libXau.so.6.0.0
9160a000-9160b000 rw-p 00002000 08:05 5248015    /usr/lib/i386-linux-gnu/libXau.so.6.0.0
9160b000-91610000 r-xp 00000000 08:05 5248052    /usr/lib/i386-linux-gnu/libXtst.so.6.1.0
91610000-91611000 r--p 00004000 08:05 5248052    /usr/lib/i386-linux-gnu/libXtst.so.6.1.0
91611000-91612000 rw-p 00005000 08:05 5248052    /usr/lib/i386-linux-gnu/libXtst.so.6.1.0
91612000-9161a000 r-xp 00000000 08:05 5248048    /usr/lib/i386-linux-gnu/libXrender.so.1.3.0
9161a000-9161b000 r--p 00007000 08:05 5248048    /usr/lib/i386-linux-gnu/libXrender.so.1.3.0
9161b000-9161c000 rw-p 00008000 08:05 5248048    /usr/lib/i386-linux-gnu/libXrender.so.1.3.0
9161c000-9162c000 r-xp 00000000 08:05 5248028    /usr/lib/i386-linux-gnu/libXext.so.6.4.0
9162c000-9162d000 r--p 0000f000 08:05 5248028    /usr/lib/i386-linux-gnu/libXext.so.6.4.0
9162d000-9162e000 rw-p 00010000 08:05 5248028    /usr/lib/i386-linux-gnu/libXext.so.6.4.0
9162e000-91631000 ---p 00000000 00:00 0 
91631000-9167f000 rw-p 00000000 00:00 0          [stack:9187]
9167f000-91680000 ---p 00000000 00:00 0 
91680000-91700000 rw-p 00000000 00:00 0          [stack:9185]
91700000-91721000 rw-p 00000000 00:00 0 
91721000-91800000 ---p 00000000 00:00 0 
91800000-91821000 rw-p 00000000 00:00 0 
91821000-91900000 ---p 00000000 00:00 0 
91900000-91903000 r-xp 00000000 08:05 5248346    /usr/lib/i386-linux-gnu/libgmodule-2.0.so.0.3600.0
91903000-91904000 r--p 00002000 08:05 5248346    /usr/lib/i386-linux-gnu/libgmodule-2.0.so.0.3600.0
91904000-91905000 rw-p 00003000 08:05 5248346    /usr/lib/i386-linux-gnu/libgmodule-2.0.so.0.3600.0
91905000-9190e000 r-xp 00000000 08:05 5248046    /usr/lib/i386-linux-gnu/libXrandr.so.2.2.0
9190e000-9190f000 r--p 00008000 08:05 5248046    /usr/lib/i386-linux-gnu/libXrandr.so.2.2.0
9190f000-91910000 rw-p 00009000 08:05 5248046    /usr/lib/i386-linux-gnu/libXrandr.so.2.2.0
91910000-9191a000 r--s 00254000 08:05 7086212    /usr/local/java/jdk1.7.0_21/jre/lib/resources.jar
9191a000-9191d000 r--s 000f7000 08:05 8261461    /usr/local/java/jdk1.7.0_21/jre/lib/ext/localedata.jar
9191d000-91920000 r--s 0001a000 08:05 5254003    /home/adam/bin/jmonkeyplatform/jmonkeyplatform/libs/xmlpull-xpp3.jar
91920000-91922000 r--s 00012000 08:05 5254093    /home/adam/bin/jmonkeyplatform/jmonkeyplatform/libs/eventbus.jar
91922000-9192a000 r--s 00033000 08:05 5253490    /home/adam/bin/jmonkeyplatform/jmonkeyplatform/libs/nifty-default-controls.jar
9192a000-91934000 r--s 0006c000 08:05 5254143    /home/adam/bin/jmonkeyplatform/jmonkeyplatform/libs/nifty.jar
91934000-9197f000 rw-p 00000000 00:00 0 
9197f000-91980000 ---p 00000000 00:00 0 
91980000-91a00000 rw-p 00000000 00:00 0          [stack:9184]
91a00000-91a28000 rw-p 00000000 00:00 0 
91a28000-91b00000 ---p 00000000 00:00 0 
91b00000-91b03000 r--s 0000f000 08:05 5253805    /home/adam/bin/jmonkeyplatform/jmonkeyplatform/libs/nifty-style-black.jar
91b03000-91b04000 r--s 00005000 08:05 5253965    /home/adam/bin/jmonkeyplatform/jmonkeyplatform/libs/jME3-niftygui.jar
91b04000-91b05000 r--s 0000b000 08:05 5254034    /home/adam/bin/jmonkeyplatform/jmonkeyplatform/libs/stack-alloc.jar
91b05000-91b07000 r--s 0003c000 08:05 5254107    /home/adam/bin/jmonkeyplatform/jmonkeyplatform/libs/vecmath.jar
91b07000-91b11000 r--s 00079000 08:05 5254102    /home/adam/bin/jmonkeyplatform/jmonkeyplatform/libs/jbullet.jar
91b11000-91b14000 r--s 00020000 08:05 5253995    /home/adam/bin/jmonkeyplatform/jmonkeyplatform/libs/jME3-jbullet.jar
91b14000-91b21000 r--s 000d6000 08:05 5254145    /home/adam/bin/jmonkeyplatform/jmonkeyplatform/libs/lwjgl.jar
91b21000-91b25000 r--s 00030000 08:05 5254131    /home/adam/bin/jmonkeyplatform/jmonkeyplatform/libs/jinput.jar
91b25000-91b27000 r--s 0020a000 08:05 5253754    /home/adam/bin/jmonkeyplatform/jmonkeyplatform/libs/jME3-lwjgl-natives.jar
91b27000-91b29000 r--s 00017000 08:05 5254054    /home/adam/bin/jmonkeyplatform/jmonkeyplatform/libs/jME3-lwjgl.jar
91b29000-91b2c000 r--s 00024000 08:05 5253996    /home/adam/bin/jmonkeyplatform/jmonkeyplatform/libs/jME3-terrain.jar
91b2c000-91b2d000 r--s 00009000 08:05 5253968    /home/adam/bin/jmonkeyplatform/jmonkeyplatform/libs/j-ogg-vorbisd.jar
91b2d000-91b30000 r--s 0001c000 08:05 5253884    /home/adam/bin/jmonkeyplatform/jmonkeyplatform/libs/jME3-networking.jar
91b30000-91b33000 r--s 0006c000 08:05 5253997    /home/adam/bin/jmonkeyplatform/jmonkeyplatform/libs/jME3-effects.jar
91b33000-91b34000 ---p 00000000 00:00 0 
91b34000-91bb4000 rw-p 00000000 00:00 0          [stack:9183]
91bb4000-91bb5000 ---p 00000000 00:00 0 
91bb5000-91c3d000 rw-p 00000000 00:00 0          [stack:9182]
91c3d000-91c55000 rw-p 00000000 00:00 0 
91c55000-91c5f000 rw-p 00000000 00:00 0 
91c5f000-91cf3000 rw-p 00000000 00:00 0 
91cf3000-91cfb000 rw-p 00000000 00:00 0 
91cfb000-91d13000 rw-p 00000000 00:00 0 
91d13000-91d1d000 rw-p 00000000 00:00 0 
91d1d000-91db0000 rw-p 00000000 00:00 0 
91db0000-91db6000 rw-p 00000000 00:00 0 
91db6000-91dff000 rw-p 00000000 00:00 0 
91dff000-92e00000 rw-p 00000000 00:00 0 
92e00000-95e00000 rw-p 00000000 00:00 0 
95e00000-971b0000 rw-p 00000000 00:00 0 
971b0000-a98b0000 rw-p 00000000 00:00 0 
a98b0000-aa280000 rw-p 00000000 00:00 0 
aa280000-b3600000 rw-p 00000000 00:00 0 
b3600000-b3602000 r--s 00005000 08:05 5254057    /home/adam/bin/jmonkeyplatform/jmonkeyplatform/libs/j-ogg-oggd.jar
b3602000-b360b000 rw-p 00000000 00:00 0 
b360b000-b36c2000 rw-p 00000000 00:00 0 
b36c2000-b3902000 rwxp 00000000 00:00 0 
b3902000-b66c2000 rw-p 00000000 00:00 0 
b66c2000-b66d9000 r-xp 00000000 08:05 8262525    /usr/local/java/jdk1.7.0_21/jre/lib/i386/libzip.so
b66d9000-b66da000 rw-p 00017000 08:05 8262525    /usr/local/java/jdk1.7.0_21/jre/lib/i386/libzip.so
b66da000-b66e5000 r-xp 00000000 08:05 4588430    /lib/i386-linux-gnu/libnss_files-2.17.so
b66e5000-b66e6000 r--p 0000a000 08:05 4588430    /lib/i386-linux-gnu/libnss_files-2.17.so
b66e6000-b66e7000 rw-p 0000b000 08:05 4588430    /lib/i386-linux-gnu/libnss_files-2.17.so
b66e7000-b66fc000 r-xp 00000000 08:05 4588424    /lib/i386-linux-gnu/libnsl-2.17.so
b66fc000-b66fd000 r--p 00014000 08:05 4588424    /lib/i386-linux-gnu/libnsl-2.17.so
b66fd000-b66fe000 rw-p 00015000 08:05 4588424    /lib/i386-linux-gnu/libnsl-2.17.so
b66fe000-b6700000 rw-p 00000000 00:00 0 
b6700000-b67fb000 rw-p 00000000 00:00 0 
b67fb000-b6800000 ---p 00000000 00:00 0 
b6800000-b6801000 r--s 00002000 08:05 5254076    /home/adam/bin/jmonkeyplatform/jmonkeyplatform/libs/jME3-jogg.jar
b6801000-b6803000 r--s 00033000 08:05 5253998    /home/adam/bin/jmonkeyplatform/jmonkeyplatform/libs/jME3-desktop.jar
b6803000-b680d000 r-xp 00000000 08:05 4588434    /lib/i386-linux-gnu/libnss_nis-2.17.so
b680d000-b680e000 r--p 00009000 08:05 4588434    /lib/i386-linux-gnu/libnss_nis-2.17.so
b680e000-b680f000 rw-p 0000a000 08:05 4588434    /lib/i386-linux-gnu/libnss_nis-2.17.so
b680f000-b6810000 r--s 00010000 08:05 5253999    /home/adam/bin/jmonkeyplatform/jmonkeyplatform/libs/jME3-plugins.jar
b6810000-b6820000 r--s 00101000 08:05 5254075    /home/adam/bin/jmonkeyplatform/jmonkeyplatform/libs/jME3-core.jar
b6820000-b6828000 rw-s 00000000 08:05 4456537    /tmp/hsperfdata_adam/9177
b6828000-b684b000 r-xp 00000000 08:05 8262487    /usr/local/java/jdk1.7.0_21/jre/lib/i386/libjava.so
b684b000-b684c000 rw-p 00023000 08:05 8262487    /usr/local/java/jdk1.7.0_21/jre/lib/i386/libjava.so
b684c000-b6853000 r-xp 00000000 08:05 4588477    /lib/i386-linux-gnu/librt-2.17.so
b6853000-b6854000 r--p 00006000 08:05 4588477    /lib/i386-linux-gnu/librt-2.17.so
b6854000-b6855000 rw-p 00007000 08:05 4588477    /lib/i386-linux-gnu/librt-2.17.so
b6855000-b6858000 ---p 00000000 00:00 0 
b6858000-b68a6000 rw-p 00000000 00:00 0          [stack:9181]
b68a6000-b68e7000 r-xp 00000000 08:05 4588405    /lib/i386-linux-gnu/libm-2.17.so
b68e7000-b68e8000 r--p 00040000 08:05 4588405    /lib/i386-linux-gnu/libm-2.17.so
b68e8000-b68e9000 rw-p 00041000 08:05 4588405    /lib/i386-linux-gnu/libm-2.17.so
b68e9000-b70a4000 r-xp 00000000 08:05 8262524    /usr/local/java/jdk1.7.0_21/jre/lib/i386/server/libjvm.so
b70a4000-b70f6000 rw-p 007bb000 08:05 8262524    /usr/local/java/jdk1.7.0_21/jre/lib/i386/server/libjvm.so
b70f6000-b7519000 rw-p 00000000 00:00 0 
b7519000-b76c6000 r-xp 00000000 08:05 4588357    /lib/i386-linux-gnu/libc-2.17.so
b76c6000-b76c8000 r--p 001ad000 08:05 4588357    /lib/i386-linux-gnu/libc-2.17.so
b76c8000-b76c9000 rw-p 001af000 08:05 4588357    /lib/i386-linux-gnu/libc-2.17.so
b76c9000-b76cc000 rw-p 00000000 00:00 0 
b76cc000-b76cf000 r-xp 00000000 08:05 4588372    /lib/i386-linux-gnu/libdl-2.17.so
b76cf000-b76d0000 r--p 00002000 08:05 4588372    /lib/i386-linux-gnu/libdl-2.17.so
b76d0000-b76d1000 rw-p 00003000 08:05 4588372    /lib/i386-linux-gnu/libdl-2.17.so
b76d1000-b76d2000 rw-p 00000000 00:00 0 
b76d2000-b76e5000 r-xp 00000000 08:05 8262491    /usr/local/java/jdk1.7.0_21/jre/lib/i386/jli/libjli.so
b76e5000-b76e6000 rw-p 00012000 08:05 8262491    /usr/local/java/jdk1.7.0_21/jre/lib/i386/jli/libjli.so
b76e6000-b76fd000 r-xp 00000000 08:05 4588469    /lib/i386-linux-gnu/libpthread-2.17.so
b76fd000-b76fe000 r--p 00016000 08:05 4588469    /lib/i386-linux-gnu/libpthread-2.17.so
b76fe000-b76ff000 rw-p 00017000 08:05 4588469    /lib/i386-linux-gnu/libpthread-2.17.so
b76ff000-b7701000 rw-p 00000000 00:00 0 
b7701000-b7702000 r--p 005e0000 08:05 5250913    /usr/lib/locale/locale-archive
b7702000-b7703000 r--p 005d8000 08:05 5250913    /usr/lib/locale/locale-archive
b7703000-b770a000 r-xp 00000000 08:05 4588426    /lib/i386-linux-gnu/libnss_compat-2.17.so
b770a000-b770b000 r--p 00006000 08:05 4588426    /lib/i386-linux-gnu/libnss_compat-2.17.so
b770b000-b770c000 rw-p 00007000 08:05 4588426    /lib/i386-linux-gnu/libnss_compat-2.17.so
b770c000-b770d000 rw-p 00000000 00:00 0 
b770d000-b770e000 r--p 00000000 00:00 0 
b770e000-b7719000 r-xp 00000000 08:05 8261473    /usr/local/java/jdk1.7.0_21/jre/lib/i386/libverify.so
b7719000-b771a000 rw-p 0000b000 08:05 8261473    /usr/local/java/jdk1.7.0_21/jre/lib/i386/libverify.so
b771a000-b771c000 rw-p 00000000 00:00 0 
b771c000-b771d000 r-xp 00000000 00:00 0          [vdso]
b771d000-b773d000 r-xp 00000000 08:05 4588333    /lib/i386-linux-gnu/ld-2.17.so
b773d000-b773e000 r--p 0001f000 08:05 4588333    /lib/i386-linux-gnu/ld-2.17.so
b773e000-b773f000 rw-p 00020000 08:05 4588333    /lib/i386-linux-gnu/ld-2.17.so
bfb5e000-bfb7f000 rw-p 00000000 00:00 0          [stack]

VM Arguments:
jvm_args: -Dfile.encoding=UTF-8 
java_command: main.Main
Launcher Type: SUN_STANDARD

Environment Variables:
JAVA_HOME=/usr/local/java/jdk1.7.0_21
JRE_HOME=/usr/local/java/jre1.7.0_21
PATH=/home/adam/bin:/usr/lib/lightdm/lightdm:/usr/local/sbin:/usr/local/bin:/usr/sbin:/usr/bin:/sbin:/bin:/usr/games:/usr/local/games:/home/adam/bin:/usr/local/java/jdk1.7.0_21/bin:/home/adam/bin:/usr/local/java/jre1.7.0_21/bin:/home/adam/bin/grails-2.2.2/bin
SHELL=/bin/bash
DISPLAY=:0

Signal Handlers:
SIGSEGV: [libjvm.so+0x722ea0], sa_mask[0]=0x7ffbfeff, sa_flags=0x10000004
SIGBUS: [libjvm.so+0x722ea0], sa_mask[0]=0x7ffbfeff, sa_flags=0x10000004
SIGFPE: [libjvm.so+0x5dbc80], sa_mask[0]=0x7ffbfeff, sa_flags=0x10000004
SIGPIPE: SIG_IGN, sa_mask[0]=0x00001000, sa_flags=0x10000000
SIGXFSZ: [libjvm.so+0x5dbc80], sa_mask[0]=0x7ffbfeff, sa_flags=0x10000004
SIGILL: [libjvm.so+0x5dbc80], sa_mask[0]=0x7ffbfeff, sa_flags=0x10000004
SIGUSR1: SIG_DFL, sa_mask[0]=0x00000000, sa_flags=0x00000000
SIGUSR2: [libjvm.so+0x5db560], sa_mask[0]=0x00000004, sa_flags=0x10000004
SIGHUP: [libjvm.so+0x5ddb50], sa_mask[0]=0x7ffbfeff, sa_flags=0x10000004
SIGINT: SIG_IGN, sa_mask[0]=0x00000000, sa_flags=0x00000000
SIGTERM: [libjvm.so+0x5ddb50], sa_mask[0]=0x7ffbfeff, sa_flags=0x10000004
SIGQUIT: [libjvm.so+0x5ddb50], sa_mask[0]=0x7ffbfeff, sa_flags=0x10000004


---------------  S Y S T E M  ---------------

OS:wheezy/sid

uname:Linux 3.8.0-19-generic #30-Ubuntu SMP Wed May 1 16:36:13 UTC 2013 i686
libc:glibc 2.17 NPTL 2.17 
rlimit: STACK 8192k, CORE 0k, NPROC 14953, NOFILE 4096, AS infinity
load average:0.92 0.96 0.85

/proc/meminfo:
MemTotal:        1931164 kB
MemFree:          151384 kB
Buffers:            6576 kB
Cached:           576600 kB
SwapCached:        36124 kB
Active:           839388 kB
Inactive:         859036 kB
Active(anon):     743512 kB
Inactive(anon):   804880 kB
Active(file):      95876 kB
Inactive(file):    54156 kB
Unevictable:          48 kB
Mlocked:              48 kB
HighTotal:       1073360 kB
HighFree:          13516 kB
LowTotal:         857804 kB
LowFree:          137868 kB
SwapTotal:       1982460 kB
SwapFree:        1710928 kB
Dirty:               408 kB
Writeback:             0 kB
AnonPages:       1087780 kB
Mapped:           102944 kB
Shmem:            432948 kB
Slab:              39616 kB
SReclaimable:      19196 kB
SUnreclaim:        20420 kB
KernelStack:        4864 kB
PageTables:        12152 kB
NFS_Unstable:          0 kB
Bounce:                0 kB
WritebackTmp:          0 kB
CommitLimit:     2948040 kB
Committed_AS:    5664680 kB
VmallocTotal:     122880 kB
VmallocUsed:       14580 kB
VmallocChunk:      89716 kB
HardwareCorrupted:     0 kB
AnonHugePages:         0 kB
HugePages_Total:       0
HugePages_Free:        0
HugePages_Rsvd:        0
HugePages_Surp:        0
Hugepagesize:       2048 kB
DirectMap4k:       10232 kB
DirectMap2M:      903168 kB


CPU:total 4 (2 cores per cpu, 2 threads per core) family 6 model 42 stepping 7, cmov, cx8, fxsr, mmx, sse, sse2, sse3, ssse3, sse4.1, sse4.2, popcnt, avx, ht, tsc, tscinvbit

/proc/cpuinfo:
processor	: 0
vendor_id	: GenuineIntel
cpu family	: 6
model		: 42
model name	: Intel(R) Core(TM) i3-2312M CPU @ 2.10GHz
stepping	: 7
microcode	: 0x26
cpu MHz		: 800.000
cache size	: 3072 KB
physical id	: 0
siblings	: 4
core id		: 0
cpu cores	: 2
apicid		: 0
initial apicid	: 0
fdiv_bug	: no
hlt_bug		: no
f00f_bug	: no
coma_bug	: no
fpu		: yes
fpu_exception	: yes
cpuid level	: 13
wp		: yes
flags		: fpu vme de pse tsc msr pae mce cx8 apic sep mtrr pge mca cmov pat pse36 clflush dts acpi mmx fxsr sse sse2 ss ht tm pbe nx rdtscp lm constant_tsc arch_perfmon pebs bts xtopology nonstop_tsc aperfmperf eagerfpu pni pclmulqdq dtes64 monitor ds_cpl vmx est tm2 ssse3 cx16 xtpr pdcm pcid sse4_1 sse4_2 x2apic popcnt tsc_deadline_timer xsave avx lahf_lm arat epb xsaveopt pln pts dtherm tpr_shadow vnmi flexpriority ept vpid
bogomips	: 4190.66
clflush size	: 64
cache_alignment	: 64
address sizes	: 36 bits physical, 48 bits virtual
power management:

processor	: 1
vendor_id	: GenuineIntel
cpu family	: 6
model		: 42
model name	: Intel(R) Core(TM) i3-2312M CPU @ 2.10GHz
stepping	: 7
microcode	: 0x26
cpu MHz		: 800.000
cache size	: 3072 KB
physical id	: 0
siblings	: 4
core id		: 0
cpu cores	: 2
apicid		: 1
initial apicid	: 1
fdiv_bug	: no
hlt_bug		: no
f00f_bug	: no
coma_bug	: no
fpu		: yes
fpu_exception	: yes
cpuid level	: 13
wp		: yes
flags		: fpu vme de pse tsc msr pae mce cx8 apic sep mtrr pge mca cmov pat pse36 clflush dts acpi mmx fxsr sse sse2 ss ht tm pbe nx rdtscp lm constant_tsc arch_perfmon pebs bts xtopology nonstop_tsc aperfmperf eagerfpu pni pclmulqdq dtes64 monitor ds_cpl vmx est tm2 ssse3 cx16 xtpr pdcm pcid sse4_1 sse4_2 x2apic popcnt tsc_deadline_timer xsave avx lahf_lm arat epb xsaveopt pln pts dtherm tpr_shadow vnmi flexpriority ept vpid
bogomips	: 4190.66
clflush size	: 64
cache_alignment	: 64
address sizes	: 36 bits physical, 48 bits virtual
power management:

processor	: 2
vendor_id	: GenuineIntel
cpu family	: 6
model		: 42
model name	: Intel(R) Core(TM) i3-2312M CPU @ 2.10GHz
stepping	: 7
microcode	: 0x26
cpu MHz		: 2100.000
cache size	: 3072 KB
physical id	: 0
siblings	: 4
core id		: 1
cpu cores	: 2
apicid		: 2
initial apicid	: 2
fdiv_bug	: no
hlt_bug		: no
f00f_bug	: no
coma_bug	: no
fpu		: yes
fpu_exception	: yes
cpuid level	: 13
wp		: yes
flags		: fpu vme de pse tsc msr pae mce cx8 apic sep mtrr pge mca cmov pat pse36 clflush dts acpi mmx fxsr sse sse2 ss ht tm pbe nx rdtscp lm constant_tsc arch_perfmon pebs bts xtopology nonstop_tsc aperfmperf eagerfpu pni pclmulqdq dtes64 monitor ds_cpl vmx est tm2 ssse3 cx16 xtpr pdcm pcid sse4_1 sse4_2 x2apic popcnt tsc_deadline_timer xsave avx lahf_lm arat epb xsaveopt pln pts dtherm tpr_shadow vnmi flexpriority ept vpid
bogomips	: 4190.66
clflush size	: 64
cache_alignment	: 64
address sizes	: 36 bits physical, 48 bits virtual
power management:

processor	: 3
vendor_id	: GenuineIntel
cpu family	: 6
model		: 42
model name	: Intel(R) Core(TM) i3-2312M CPU @ 2.10GHz
stepping	: 7
microcode	: 0x26
cpu MHz		: 1200.000
cache size	: 3072 KB
physical id	: 0
siblings	: 4
core id		: 1
cpu cores	: 2
apicid		: 3
initial apicid	: 3
fdiv_bug	: no
hlt_bug		: no
f00f_bug	: no
coma_bug	: no
fpu		: yes
fpu_exception	: yes
cpuid level	: 13
wp		: yes
flags		: fpu vme de pse tsc msr pae mce cx8 apic sep mtrr pge mca cmov pat pse36 clflush dts acpi mmx fxsr sse sse2 ss ht tm pbe nx rdtscp lm constant_tsc arch_perfmon pebs bts xtopology nonstop_tsc aperfmperf eagerfpu pni pclmulqdq dtes64 monitor ds_cpl vmx est tm2 ssse3 cx16 xtpr pdcm pcid sse4_1 sse4_2 x2apic popcnt tsc_deadline_timer xsave avx lahf_lm arat epb xsaveopt pln pts dtherm tpr_shadow vnmi flexpriority ept vpid
bogomips	: 4190.66
clflush size	: 64
cache_alignment	: 64
address sizes	: 36 bits physical, 48 bits virtual
power management:



Memory: 4k page, physical 1931164k(151384k free), swap 1982460k(1710928k free)

vm_info: Java HotSpot(TM) Server VM (23.21-b01) for linux-x86 JRE (1.7.0_21-b11), built on Apr  4 2013 04:20:11 by "java_re" with gcc 4.3.0 20080428 (Red Hat 4.3.0-8)

time: Fri May 24 19:41:20 2013
elapsed time: 3 seconds

